[2022-07-05 14:56:47,541] {taskinstance.py:1159} INFO - Dependencies all met for <TaskInstance: ETL_ANP_Raízen.extract_tables_file manual__2022-07-05T14:56:02.447491+00:00 [queued]>
[2022-07-05 14:56:47,566] {taskinstance.py:1159} INFO - Dependencies all met for <TaskInstance: ETL_ANP_Raízen.extract_tables_file manual__2022-07-05T14:56:02.447491+00:00 [queued]>
[2022-07-05 14:56:47,567] {taskinstance.py:1356} INFO - 
--------------------------------------------------------------------------------
[2022-07-05 14:56:47,567] {taskinstance.py:1357} INFO - Starting attempt 1 of 1
[2022-07-05 14:56:47,567] {taskinstance.py:1358} INFO - 
--------------------------------------------------------------------------------
[2022-07-05 14:56:47,633] {taskinstance.py:1377} INFO - Executing <Task(PythonOperator): extract_tables_file> on 2022-07-05 14:56:02.447491+00:00
[2022-07-05 14:56:47,651] {standard_task_runner.py:52} INFO - Started process 637 to run task
[2022-07-05 14:56:47,672] {standard_task_runner.py:79} INFO - Running: ['***', 'tasks', 'run', 'ETL_ANP_Raízen', 'extract_tables_file', 'manual__2022-07-05T14:56:02.447491+00:00', '--job-id', '71', '--raw', '--subdir', 'DAGS_FOLDER/ETL_Raizen.py', '--cfg-path', '/tmp/tmp0ajr4dt4', '--error-file', '/tmp/tmp8acu6og2']
[2022-07-05 14:56:47,675] {standard_task_runner.py:80} INFO - Job 71: Subtask extract_tables_file
[2022-07-05 14:56:47,823] {task_command.py:369} INFO - Running <TaskInstance: ETL_ANP_Raízen.extract_tables_file manual__2022-07-05T14:56:02.447491+00:00 [running]> on host e795889a6d4b
[2022-07-05 14:56:48,070] {taskinstance.py:1571} INFO - Exporting the following env vars:
AIRFLOW_CTX_DAG_OWNER=***
AIRFLOW_CTX_DAG_ID=ETL_ANP_Raízen
AIRFLOW_CTX_TASK_ID=extract_tables_file
AIRFLOW_CTX_EXECUTION_DATE=2022-07-05T14:56:02.447491+00:00
AIRFLOW_CTX_TRY_NUMBER=1
AIRFLOW_CTX_DAG_RUN_ID=manual__2022-07-05T14:56:02.447491+00:00
[2022-07-05 15:07:00,091] {python.py:173} INFO - Done. Returned value was: None
[2022-07-05 15:07:00,146] {taskinstance.py:1400} INFO - Marking task as SUCCESS. dag_id=ETL_ANP_Raízen, task_id=extract_tables_file, execution_date=20220705T145602, start_date=20220705T145647, end_date=20220705T150700
[2022-07-05 15:07:00,275] {local_task_job.py:156} INFO - Task exited with return code 0
[2022-07-05 15:07:00,369] {local_task_job.py:273} INFO - 1 downstream tasks scheduled from follow-on schedule check
