[2022-07-05 15:07:03,086] {taskinstance.py:1159} INFO - Dependencies all met for <TaskInstance: ETL_ANP_Raízen.get_transform manual__2022-07-05T14:56:02.447491+00:00 [queued]>
[2022-07-05 15:07:03,111] {taskinstance.py:1159} INFO - Dependencies all met for <TaskInstance: ETL_ANP_Raízen.get_transform manual__2022-07-05T14:56:02.447491+00:00 [queued]>
[2022-07-05 15:07:03,111] {taskinstance.py:1356} INFO - 
--------------------------------------------------------------------------------
[2022-07-05 15:07:03,111] {taskinstance.py:1357} INFO - Starting attempt 1 of 1
[2022-07-05 15:07:03,112] {taskinstance.py:1358} INFO - 
--------------------------------------------------------------------------------
[2022-07-05 15:07:03,172] {taskinstance.py:1377} INFO - Executing <Task(PythonOperator): get_transform> on 2022-07-05 14:56:02.447491+00:00
[2022-07-05 15:07:03,182] {standard_task_runner.py:52} INFO - Started process 952 to run task
[2022-07-05 15:07:03,195] {standard_task_runner.py:79} INFO - Running: ['***', 'tasks', 'run', 'ETL_ANP_Raízen', 'get_transform', 'manual__2022-07-05T14:56:02.447491+00:00', '--job-id', '72', '--raw', '--subdir', 'DAGS_FOLDER/ETL_Raizen.py', '--cfg-path', '/tmp/tmp60beljix', '--error-file', '/tmp/tmpobn0igst']
[2022-07-05 15:07:03,197] {standard_task_runner.py:80} INFO - Job 72: Subtask get_transform
[2022-07-05 15:07:03,428] {task_command.py:369} INFO - Running <TaskInstance: ETL_ANP_Raízen.get_transform manual__2022-07-05T14:56:02.447491+00:00 [running]> on host e795889a6d4b
[2022-07-05 15:07:03,864] {taskinstance.py:1571} INFO - Exporting the following env vars:
AIRFLOW_CTX_DAG_OWNER=***
AIRFLOW_CTX_DAG_ID=ETL_ANP_Raízen
AIRFLOW_CTX_TASK_ID=get_transform
AIRFLOW_CTX_EXECUTION_DATE=2022-07-05T14:56:02.447491+00:00
AIRFLOW_CTX_TRY_NUMBER=1
AIRFLOW_CTX_DAG_RUN_ID=manual__2022-07-05T14:56:02.447491+00:00
[2022-07-05 15:07:21,117] {logging_mixin.py:115} INFO - oil_derivative
[2022-07-05 15:07:21,117] {logging_mixin.py:115} INFO - ###########################
[2022-07-05 15:07:21,117] {logging_mixin.py:115} INFO - Last month measures
[2022-07-05 15:07:21,118] {logging_mixin.py:115} INFO - Deviation: 221018.00373785692.
[2022-07-05 15:07:21,118] {logging_mixin.py:115} INFO - Mean: 65179.73116995437
[2022-07-05 15:07:21,118] {logging_mixin.py:115} INFO - ###########################
[2022-07-05 15:07:21,118] {logging_mixin.py:115} INFO - Current month measures
[2022-07-05 15:07:21,118] {logging_mixin.py:115} INFO - Deviation: 226270.06270123782.
[2022-07-05 15:07:21,118] {logging_mixin.py:115} INFO - Mean: 65509.831172369835
[2022-07-05 15:07:21,119] {logging_mixin.py:115} INFO - ###########################
[2022-07-05 15:07:21,119] {logging_mixin.py:115} INFO - Relative differences: 
[2022-07-05 15:07:21,119] {logging_mixin.py:115} INFO - Deviation: 1.0237630368321045.
[2022-07-05 15:07:21,119] {logging_mixin.py:115} INFO - Mean: 1.0050644578688848.
[2022-07-05 15:07:21,119] {logging_mixin.py:115} INFO - ###########################
[2022-07-05 15:07:21,119] {logging_mixin.py:115} INFO - Mean data quality ok.
[2022-07-05 15:07:21,119] {logging_mixin.py:115} INFO - Std data quality ok.
[2022-07-05 15:08:42,857] {logging_mixin.py:115} INFO - Visual check: 
[2022-07-05 15:08:42,899] {logging_mixin.py:115} INFO -       product        uf unit  ...  year_month          created_at year_month_dt
0  GASOLINA C  RONDÔNIA   m3  ...      2000-1 2022-07-05 15:07:17       2000-01
1  GASOLINA C      ACRE   m3  ...      2000-1 2022-07-05 15:07:17       2000-01
2  GASOLINA C  AMAZONAS   m3  ...      2000-1 2022-07-05 15:07:17       2000-01
3  GASOLINA C   RORAIMA   m3  ...      2000-1 2022-07-05 15:07:17       2000-01
4  GASOLINA C      PARÁ   m3  ...      2000-1 2022-07-05 15:07:17       2000-01

[5 rows x 7 columns]
[2022-07-05 15:08:46,327] {logging_mixin.py:115} INFO - diesel
[2022-07-05 15:08:46,327] {logging_mixin.py:115} INFO - ###########################
[2022-07-05 15:08:46,327] {logging_mixin.py:115} INFO - Last month measures
[2022-07-05 15:08:46,333] {logging_mixin.py:115} INFO - Deviation: 85576.00037724369.
[2022-07-05 15:08:46,334] {logging_mixin.py:115} INFO - Mean: 32695.993555555553
[2022-07-05 15:08:46,334] {logging_mixin.py:115} INFO - ###########################
[2022-07-05 15:08:46,334] {logging_mixin.py:115} INFO - Current month measures
[2022-07-05 15:08:46,335] {logging_mixin.py:115} INFO - Deviation: 136882.08541457966.
[2022-07-05 15:08:46,335] {logging_mixin.py:115} INFO - Mean: 37681.419177777774
[2022-07-05 15:08:46,335] {logging_mixin.py:115} INFO - ###########################
[2022-07-05 15:08:46,335] {logging_mixin.py:115} INFO - Relative differences: 
[2022-07-05 15:08:46,335] {logging_mixin.py:115} INFO - Deviation: 1.5995382444980362.
[2022-07-05 15:08:46,335] {logging_mixin.py:115} INFO - Mean: 1.1524781809658486.
[2022-07-05 15:08:46,335] {logging_mixin.py:115} INFO - ###########################
[2022-07-05 15:08:46,336] {logging_mixin.py:115} INFO - Possible data quality issue.
[2022-07-05 15:08:46,336] {logging_mixin.py:115} INFO - Possible data quality issue.
[2022-07-05 15:09:05,483] {logging_mixin.py:115} INFO - Visual check: 
[2022-07-05 15:09:05,522] {logging_mixin.py:115} INFO -             product        uf unit  ...  year_month          created_at year_month_dt
0  ÓLEO DIESEL S-10  RONDÔNIA   m3  ...      2013-1 2022-07-05 15:08:45       2013-01
1  ÓLEO DIESEL S-10      ACRE   m3  ...      2013-1 2022-07-05 15:08:45       2013-01
2  ÓLEO DIESEL S-10  AMAZONAS   m3  ...      2013-1 2022-07-05 15:08:45       2013-01
3  ÓLEO DIESEL S-10   RORAIMA   m3  ...      2013-1 2022-07-05 15:08:45       2013-01
4  ÓLEO DIESEL S-10      PARÁ   m3  ...      2013-1 2022-07-05 15:08:45       2013-01

[5 rows x 7 columns]
[2022-07-05 15:09:05,524] {python.py:173} INFO - Done. Returned value was: None
[2022-07-05 15:09:05,558] {taskinstance.py:1400} INFO - Marking task as SUCCESS. dag_id=ETL_ANP_Raízen, task_id=get_transform, execution_date=20220705T145602, start_date=20220705T150703, end_date=20220705T150905
[2022-07-05 15:09:05,644] {local_task_job.py:156} INFO - Task exited with return code 0
[2022-07-05 15:09:05,725] {local_task_job.py:273} INFO - 0 downstream tasks scheduled from follow-on schedule check
