[2022-07-05 00:00:00,855] {processor.py:153} INFO - Started process (PID=2146) to work on /opt/airflow/dags/ETL_Raizen.py
[2022-07-05 00:00:00,858] {processor.py:641} INFO - Processing file /opt/airflow/dags/ETL_Raizen.py for tasks to queue
[2022-07-05 00:00:00,859] {logging_mixin.py:115} INFO - [2022-07-05 00:00:00,859] {dagbag.py:507} INFO - Filling up the DagBag from /opt/airflow/dags/ETL_Raizen.py
[2022-07-05 00:00:02,707] {processor.py:651} INFO - DAG(s) dict_keys(['Teste_ETL_Raízen']) retrieved from /opt/airflow/dags/ETL_Raizen.py
[2022-07-05 00:00:02,766] {logging_mixin.py:115} INFO - [2022-07-05 00:00:02,765] {dag.py:2371} INFO - Sync 1 DAGs
[2022-07-05 00:00:02,829] {logging_mixin.py:115} INFO - [2022-07-05 00:00:02,828] {dag.py:2919} INFO - Setting next_dagrun for Teste_ETL_Raízen to 2022-07-04T23:30:00+00:00, run_after=2022-07-05T00:30:00+00:00
[2022-07-05 00:00:02,861] {processor.py:161} INFO - Processing /opt/airflow/dags/ETL_Raizen.py took 2.014 seconds
[2022-07-05 00:00:33,050] {processor.py:153} INFO - Started process (PID=2169) to work on /opt/airflow/dags/ETL_Raizen.py
[2022-07-05 00:00:33,051] {processor.py:641} INFO - Processing file /opt/airflow/dags/ETL_Raizen.py for tasks to queue
[2022-07-05 00:00:33,055] {logging_mixin.py:115} INFO - [2022-07-05 00:00:33,055] {dagbag.py:507} INFO - Filling up the DagBag from /opt/airflow/dags/ETL_Raizen.py
[2022-07-05 00:00:36,873] {processor.py:651} INFO - DAG(s) dict_keys(['Teste_ETL_Raízen']) retrieved from /opt/airflow/dags/ETL_Raizen.py
[2022-07-05 00:00:37,027] {logging_mixin.py:115} INFO - [2022-07-05 00:00:37,025] {dag.py:2371} INFO - Sync 1 DAGs
[2022-07-05 00:00:37,307] {logging_mixin.py:115} INFO - [2022-07-05 00:00:37,306] {dag.py:2919} INFO - Setting next_dagrun for Teste_ETL_Raízen to 2022-07-04T23:30:00+00:00, run_after=2022-07-05T00:30:00+00:00
[2022-07-05 00:00:37,414] {processor.py:161} INFO - Processing /opt/airflow/dags/ETL_Raizen.py took 4.409 seconds
[2022-07-05 00:01:07,717] {processor.py:153} INFO - Started process (PID=2189) to work on /opt/airflow/dags/ETL_Raizen.py
[2022-07-05 00:01:07,717] {processor.py:641} INFO - Processing file /opt/airflow/dags/ETL_Raizen.py for tasks to queue
[2022-07-05 00:01:07,719] {logging_mixin.py:115} INFO - [2022-07-05 00:01:07,718] {dagbag.py:507} INFO - Filling up the DagBag from /opt/airflow/dags/ETL_Raizen.py
[2022-07-05 00:01:08,992] {processor.py:651} INFO - DAG(s) dict_keys(['Teste_ETL_Raízen']) retrieved from /opt/airflow/dags/ETL_Raizen.py
[2022-07-05 00:01:09,038] {logging_mixin.py:115} INFO - [2022-07-05 00:01:09,037] {dag.py:2371} INFO - Sync 1 DAGs
[2022-07-05 00:01:09,096] {logging_mixin.py:115} INFO - [2022-07-05 00:01:09,096] {dag.py:2919} INFO - Setting next_dagrun for Teste_ETL_Raízen to 2022-07-04T23:30:00+00:00, run_after=2022-07-05T00:30:00+00:00
[2022-07-05 00:01:09,117] {processor.py:161} INFO - Processing /opt/airflow/dags/ETL_Raizen.py took 1.411 seconds
[2022-07-05 00:01:39,218] {processor.py:153} INFO - Started process (PID=2209) to work on /opt/airflow/dags/ETL_Raizen.py
[2022-07-05 00:01:39,221] {processor.py:641} INFO - Processing file /opt/airflow/dags/ETL_Raizen.py for tasks to queue
[2022-07-05 00:01:39,222] {logging_mixin.py:115} INFO - [2022-07-05 00:01:39,222] {dagbag.py:507} INFO - Filling up the DagBag from /opt/airflow/dags/ETL_Raizen.py
[2022-07-05 00:01:40,689] {processor.py:651} INFO - DAG(s) dict_keys(['Teste_ETL_Raízen']) retrieved from /opt/airflow/dags/ETL_Raizen.py
[2022-07-05 00:01:40,733] {logging_mixin.py:115} INFO - [2022-07-05 00:01:40,732] {dag.py:2371} INFO - Sync 1 DAGs
[2022-07-05 00:01:40,786] {logging_mixin.py:115} INFO - [2022-07-05 00:01:40,786] {dag.py:2919} INFO - Setting next_dagrun for Teste_ETL_Raízen to 2022-07-04T23:30:00+00:00, run_after=2022-07-05T00:30:00+00:00
[2022-07-05 00:01:40,807] {processor.py:161} INFO - Processing /opt/airflow/dags/ETL_Raizen.py took 1.598 seconds
[2022-07-05 00:02:10,935] {processor.py:153} INFO - Started process (PID=2230) to work on /opt/airflow/dags/ETL_Raizen.py
[2022-07-05 00:02:10,937] {processor.py:641} INFO - Processing file /opt/airflow/dags/ETL_Raizen.py for tasks to queue
[2022-07-05 00:02:10,938] {logging_mixin.py:115} INFO - [2022-07-05 00:02:10,938] {dagbag.py:507} INFO - Filling up the DagBag from /opt/airflow/dags/ETL_Raizen.py
[2022-07-05 00:02:12,890] {processor.py:651} INFO - DAG(s) dict_keys(['Teste_ETL_Raízen']) retrieved from /opt/airflow/dags/ETL_Raizen.py
[2022-07-05 00:02:12,965] {logging_mixin.py:115} INFO - [2022-07-05 00:02:12,964] {dag.py:2371} INFO - Sync 1 DAGs
[2022-07-05 00:02:13,107] {logging_mixin.py:115} INFO - [2022-07-05 00:02:13,106] {dag.py:2919} INFO - Setting next_dagrun for Teste_ETL_Raízen to 2022-07-04T23:30:00+00:00, run_after=2022-07-05T00:30:00+00:00
[2022-07-05 00:02:13,180] {processor.py:161} INFO - Processing /opt/airflow/dags/ETL_Raizen.py took 2.248 seconds
[2022-07-05 00:02:43,359] {processor.py:153} INFO - Started process (PID=2251) to work on /opt/airflow/dags/ETL_Raizen.py
[2022-07-05 00:02:43,360] {processor.py:641} INFO - Processing file /opt/airflow/dags/ETL_Raizen.py for tasks to queue
[2022-07-05 00:02:43,362] {logging_mixin.py:115} INFO - [2022-07-05 00:02:43,362] {dagbag.py:507} INFO - Filling up the DagBag from /opt/airflow/dags/ETL_Raizen.py
[2022-07-05 00:02:47,829] {processor.py:651} INFO - DAG(s) dict_keys(['Teste_ETL_Raízen']) retrieved from /opt/airflow/dags/ETL_Raizen.py
[2022-07-05 00:02:48,021] {logging_mixin.py:115} INFO - [2022-07-05 00:02:48,020] {dag.py:2371} INFO - Sync 1 DAGs
[2022-07-05 00:02:48,317] {logging_mixin.py:115} INFO - [2022-07-05 00:02:48,316] {dag.py:2919} INFO - Setting next_dagrun for Teste_ETL_Raízen to 2022-07-04T23:30:00+00:00, run_after=2022-07-05T00:30:00+00:00
[2022-07-05 00:02:48,387] {processor.py:161} INFO - Processing /opt/airflow/dags/ETL_Raizen.py took 5.057 seconds
[2022-07-05 00:03:18,559] {processor.py:153} INFO - Started process (PID=2276) to work on /opt/airflow/dags/ETL_Raizen.py
[2022-07-05 00:03:18,562] {processor.py:641} INFO - Processing file /opt/airflow/dags/ETL_Raizen.py for tasks to queue
[2022-07-05 00:03:18,575] {logging_mixin.py:115} INFO - [2022-07-05 00:03:18,569] {dagbag.py:507} INFO - Filling up the DagBag from /opt/airflow/dags/ETL_Raizen.py
[2022-07-05 00:03:20,942] {processor.py:651} INFO - DAG(s) dict_keys(['Teste_ETL_Raízen']) retrieved from /opt/airflow/dags/ETL_Raizen.py
[2022-07-05 00:03:21,020] {logging_mixin.py:115} INFO - [2022-07-05 00:03:21,018] {dag.py:2371} INFO - Sync 1 DAGs
[2022-07-05 00:03:21,121] {logging_mixin.py:115} INFO - [2022-07-05 00:03:21,121] {dag.py:2919} INFO - Setting next_dagrun for Teste_ETL_Raízen to 2022-07-04T23:30:00+00:00, run_after=2022-07-05T00:30:00+00:00
[2022-07-05 00:03:21,176] {processor.py:161} INFO - Processing /opt/airflow/dags/ETL_Raizen.py took 2.658 seconds
[2022-07-05 00:03:51,297] {processor.py:153} INFO - Started process (PID=2305) to work on /opt/airflow/dags/ETL_Raizen.py
[2022-07-05 00:03:51,298] {processor.py:641} INFO - Processing file /opt/airflow/dags/ETL_Raizen.py for tasks to queue
[2022-07-05 00:03:51,299] {logging_mixin.py:115} INFO - [2022-07-05 00:03:51,299] {dagbag.py:507} INFO - Filling up the DagBag from /opt/airflow/dags/ETL_Raizen.py
[2022-07-05 00:03:52,860] {processor.py:651} INFO - DAG(s) dict_keys(['Teste_ETL_Raízen']) retrieved from /opt/airflow/dags/ETL_Raizen.py
[2022-07-05 00:03:52,903] {logging_mixin.py:115} INFO - [2022-07-05 00:03:52,902] {dag.py:2371} INFO - Sync 1 DAGs
[2022-07-05 00:03:52,956] {logging_mixin.py:115} INFO - [2022-07-05 00:03:52,956] {dag.py:2919} INFO - Setting next_dagrun for Teste_ETL_Raízen to 2022-07-04T23:30:00+00:00, run_after=2022-07-05T00:30:00+00:00
[2022-07-05 00:03:52,977] {processor.py:161} INFO - Processing /opt/airflow/dags/ETL_Raizen.py took 1.689 seconds
[2022-07-05 00:04:23,098] {processor.py:153} INFO - Started process (PID=2325) to work on /opt/airflow/dags/ETL_Raizen.py
[2022-07-05 00:04:23,109] {processor.py:641} INFO - Processing file /opt/airflow/dags/ETL_Raizen.py for tasks to queue
[2022-07-05 00:04:23,110] {logging_mixin.py:115} INFO - [2022-07-05 00:04:23,110] {dagbag.py:507} INFO - Filling up the DagBag from /opt/airflow/dags/ETL_Raizen.py
[2022-07-05 00:04:26,233] {processor.py:651} INFO - DAG(s) dict_keys(['Teste_ETL_Raízen']) retrieved from /opt/airflow/dags/ETL_Raizen.py
[2022-07-05 00:04:26,348] {logging_mixin.py:115} INFO - [2022-07-05 00:04:26,340] {dag.py:2371} INFO - Sync 1 DAGs
[2022-07-05 00:04:26,410] {logging_mixin.py:115} INFO - [2022-07-05 00:04:26,410] {dag.py:2919} INFO - Setting next_dagrun for Teste_ETL_Raízen to 2022-07-04T23:30:00+00:00, run_after=2022-07-05T00:30:00+00:00
[2022-07-05 00:04:26,431] {processor.py:161} INFO - Processing /opt/airflow/dags/ETL_Raizen.py took 3.349 seconds
[2022-07-05 00:04:56,546] {processor.py:153} INFO - Started process (PID=2346) to work on /opt/airflow/dags/ETL_Raizen.py
[2022-07-05 00:04:56,548] {processor.py:641} INFO - Processing file /opt/airflow/dags/ETL_Raizen.py for tasks to queue
[2022-07-05 00:04:56,549] {logging_mixin.py:115} INFO - [2022-07-05 00:04:56,549] {dagbag.py:507} INFO - Filling up the DagBag from /opt/airflow/dags/ETL_Raizen.py
[2022-07-05 00:04:58,826] {processor.py:651} INFO - DAG(s) dict_keys(['Teste_ETL_Raízen']) retrieved from /opt/airflow/dags/ETL_Raizen.py
[2022-07-05 00:04:58,910] {logging_mixin.py:115} INFO - [2022-07-05 00:04:58,909] {dag.py:2371} INFO - Sync 1 DAGs
[2022-07-05 00:04:59,082] {logging_mixin.py:115} INFO - [2022-07-05 00:04:59,082] {dag.py:2919} INFO - Setting next_dagrun for Teste_ETL_Raízen to 2022-07-04T23:30:00+00:00, run_after=2022-07-05T00:30:00+00:00
[2022-07-05 00:04:59,144] {processor.py:161} INFO - Processing /opt/airflow/dags/ETL_Raizen.py took 2.605 seconds
[2022-07-05 00:05:29,327] {processor.py:153} INFO - Started process (PID=2375) to work on /opt/airflow/dags/ETL_Raizen.py
[2022-07-05 00:05:29,332] {processor.py:641} INFO - Processing file /opt/airflow/dags/ETL_Raizen.py for tasks to queue
[2022-07-05 00:05:29,334] {logging_mixin.py:115} INFO - [2022-07-05 00:05:29,333] {dagbag.py:507} INFO - Filling up the DagBag from /opt/airflow/dags/ETL_Raizen.py
[2022-07-05 00:05:30,870] {processor.py:651} INFO - DAG(s) dict_keys(['Teste_ETL_Raízen']) retrieved from /opt/airflow/dags/ETL_Raizen.py
[2022-07-05 00:05:30,936] {logging_mixin.py:115} INFO - [2022-07-05 00:05:30,935] {dag.py:2371} INFO - Sync 1 DAGs
[2022-07-05 00:05:31,017] {logging_mixin.py:115} INFO - [2022-07-05 00:05:31,017] {dag.py:2919} INFO - Setting next_dagrun for Teste_ETL_Raízen to 2022-07-04T23:30:00+00:00, run_after=2022-07-05T00:30:00+00:00
[2022-07-05 00:05:31,064] {processor.py:161} INFO - Processing /opt/airflow/dags/ETL_Raizen.py took 1.768 seconds
[2022-07-05 00:06:01,213] {processor.py:153} INFO - Started process (PID=2396) to work on /opt/airflow/dags/ETL_Raizen.py
[2022-07-05 00:06:01,215] {processor.py:641} INFO - Processing file /opt/airflow/dags/ETL_Raizen.py for tasks to queue
[2022-07-05 00:06:01,216] {logging_mixin.py:115} INFO - [2022-07-05 00:06:01,216] {dagbag.py:507} INFO - Filling up the DagBag from /opt/airflow/dags/ETL_Raizen.py
[2022-07-05 00:06:02,453] {processor.py:651} INFO - DAG(s) dict_keys(['Teste_ETL_Raízen']) retrieved from /opt/airflow/dags/ETL_Raizen.py
[2022-07-05 00:06:02,515] {logging_mixin.py:115} INFO - [2022-07-05 00:06:02,514] {dag.py:2371} INFO - Sync 1 DAGs
[2022-07-05 00:06:02,608] {logging_mixin.py:115} INFO - [2022-07-05 00:06:02,608] {dag.py:2919} INFO - Setting next_dagrun for Teste_ETL_Raízen to 2022-07-04T23:30:00+00:00, run_after=2022-07-05T00:30:00+00:00
[2022-07-05 00:06:02,637] {processor.py:161} INFO - Processing /opt/airflow/dags/ETL_Raizen.py took 1.431 seconds
[2022-07-05 00:06:32,781] {processor.py:153} INFO - Started process (PID=2416) to work on /opt/airflow/dags/ETL_Raizen.py
[2022-07-05 00:06:32,783] {processor.py:641} INFO - Processing file /opt/airflow/dags/ETL_Raizen.py for tasks to queue
[2022-07-05 00:06:32,784] {logging_mixin.py:115} INFO - [2022-07-05 00:06:32,784] {dagbag.py:507} INFO - Filling up the DagBag from /opt/airflow/dags/ETL_Raizen.py
[2022-07-05 00:06:34,011] {processor.py:651} INFO - DAG(s) dict_keys(['Teste_ETL_Raízen']) retrieved from /opt/airflow/dags/ETL_Raizen.py
[2022-07-05 00:06:34,062] {logging_mixin.py:115} INFO - [2022-07-05 00:06:34,061] {dag.py:2371} INFO - Sync 1 DAGs
[2022-07-05 00:06:34,124] {logging_mixin.py:115} INFO - [2022-07-05 00:06:34,123] {dag.py:2919} INFO - Setting next_dagrun for Teste_ETL_Raízen to 2022-07-04T23:30:00+00:00, run_after=2022-07-05T00:30:00+00:00
[2022-07-05 00:06:34,171] {processor.py:161} INFO - Processing /opt/airflow/dags/ETL_Raizen.py took 1.396 seconds
[2022-07-05 00:07:04,279] {processor.py:153} INFO - Started process (PID=2436) to work on /opt/airflow/dags/ETL_Raizen.py
[2022-07-05 00:07:04,280] {processor.py:641} INFO - Processing file /opt/airflow/dags/ETL_Raizen.py for tasks to queue
[2022-07-05 00:07:04,281] {logging_mixin.py:115} INFO - [2022-07-05 00:07:04,281] {dagbag.py:507} INFO - Filling up the DagBag from /opt/airflow/dags/ETL_Raizen.py
[2022-07-05 00:07:06,002] {processor.py:651} INFO - DAG(s) dict_keys(['Teste_ETL_Raízen']) retrieved from /opt/airflow/dags/ETL_Raizen.py
[2022-07-05 00:07:06,064] {logging_mixin.py:115} INFO - [2022-07-05 00:07:06,063] {dag.py:2371} INFO - Sync 1 DAGs
[2022-07-05 00:07:06,139] {logging_mixin.py:115} INFO - [2022-07-05 00:07:06,139] {dag.py:2919} INFO - Setting next_dagrun for Teste_ETL_Raízen to 2022-07-04T23:30:00+00:00, run_after=2022-07-05T00:30:00+00:00
[2022-07-05 00:07:06,169] {processor.py:161} INFO - Processing /opt/airflow/dags/ETL_Raizen.py took 1.897 seconds
[2022-07-05 00:07:36,299] {processor.py:153} INFO - Started process (PID=2456) to work on /opt/airflow/dags/ETL_Raizen.py
[2022-07-05 00:07:36,310] {processor.py:641} INFO - Processing file /opt/airflow/dags/ETL_Raizen.py for tasks to queue
[2022-07-05 00:07:36,311] {logging_mixin.py:115} INFO - [2022-07-05 00:07:36,311] {dagbag.py:507} INFO - Filling up the DagBag from /opt/airflow/dags/ETL_Raizen.py
[2022-07-05 00:07:40,418] {processor.py:651} INFO - DAG(s) dict_keys(['Teste_ETL_Raízen']) retrieved from /opt/airflow/dags/ETL_Raizen.py
[2022-07-05 00:07:40,752] {logging_mixin.py:115} INFO - [2022-07-05 00:07:40,737] {dag.py:2371} INFO - Sync 1 DAGs
[2022-07-05 00:07:41,149] {logging_mixin.py:115} INFO - [2022-07-05 00:07:41,149] {dag.py:2919} INFO - Setting next_dagrun for Teste_ETL_Raízen to 2022-07-04T23:30:00+00:00, run_after=2022-07-05T00:30:00+00:00
[2022-07-05 00:07:41,303] {processor.py:161} INFO - Processing /opt/airflow/dags/ETL_Raizen.py took 5.013 seconds
[2022-07-05 00:08:11,506] {processor.py:153} INFO - Started process (PID=2476) to work on /opt/airflow/dags/ETL_Raizen.py
[2022-07-05 00:08:11,516] {processor.py:641} INFO - Processing file /opt/airflow/dags/ETL_Raizen.py for tasks to queue
[2022-07-05 00:08:11,517] {logging_mixin.py:115} INFO - [2022-07-05 00:08:11,517] {dagbag.py:507} INFO - Filling up the DagBag from /opt/airflow/dags/ETL_Raizen.py
[2022-07-05 00:08:13,139] {processor.py:651} INFO - DAG(s) dict_keys(['Teste_ETL_Raízen']) retrieved from /opt/airflow/dags/ETL_Raizen.py
[2022-07-05 00:08:13,186] {logging_mixin.py:115} INFO - [2022-07-05 00:08:13,185] {dag.py:2371} INFO - Sync 1 DAGs
[2022-07-05 00:08:13,247] {logging_mixin.py:115} INFO - [2022-07-05 00:08:13,247] {dag.py:2919} INFO - Setting next_dagrun for Teste_ETL_Raízen to 2022-07-04T23:30:00+00:00, run_after=2022-07-05T00:30:00+00:00
[2022-07-05 00:08:13,270] {processor.py:161} INFO - Processing /opt/airflow/dags/ETL_Raizen.py took 1.778 seconds
[2022-07-05 14:44:38,712] {processor.py:153} INFO - Started process (PID=81) to work on /opt/airflow/dags/ETL_Raizen.py
[2022-07-05 14:44:38,720] {processor.py:641} INFO - Processing file /opt/airflow/dags/ETL_Raizen.py for tasks to queue
[2022-07-05 14:44:38,721] {logging_mixin.py:115} INFO - [2022-07-05 14:44:38,721] {dagbag.py:507} INFO - Filling up the DagBag from /opt/airflow/dags/ETL_Raizen.py
[2022-07-05 14:44:52,731] {processor.py:651} INFO - DAG(s) dict_keys(['ETL_ANP_Raízen']) retrieved from /opt/airflow/dags/ETL_Raizen.py
[2022-07-05 14:44:52,950] {logging_mixin.py:115} INFO - [2022-07-05 14:44:52,949] {dag.py:2371} INFO - Sync 1 DAGs
[2022-07-05 14:44:53,122] {logging_mixin.py:115} INFO - [2022-07-05 14:44:53,121] {dag.py:2919} INFO - Setting next_dagrun for ETL_ANP_Raízen to 2022-07-05T14:30:00+00:00, run_after=2022-07-05T15:30:00+00:00
[2022-07-05 14:44:53,224] {processor.py:161} INFO - Processing /opt/airflow/dags/ETL_Raizen.py took 14.564 seconds
[2022-07-05 14:44:59,909] {processor.py:153} INFO - Started process (PID=102) to work on /opt/airflow/dags/ETL_Raizen.py
[2022-07-05 14:44:59,912] {processor.py:641} INFO - Processing file /opt/airflow/dags/ETL_Raizen.py for tasks to queue
[2022-07-05 14:44:59,932] {logging_mixin.py:115} INFO - [2022-07-05 14:44:59,932] {dagbag.py:507} INFO - Filling up the DagBag from /opt/airflow/dags/ETL_Raizen.py
[2022-07-05 14:45:06,588] {processor.py:651} INFO - DAG(s) dict_keys(['ETL_ANP_Raízen']) retrieved from /opt/airflow/dags/ETL_Raizen.py
[2022-07-05 14:45:06,931] {processor.py:611} INFO - Executed failure callback for <TaskInstance: ETL_ANP_Raízen.extract_tables_file scheduled__2022-07-05T13:30:00+00:00 [failed]> in state failed
[2022-07-05 14:45:07,008] {processor.py:611} INFO - Executed failure callback for <TaskInstance: ETL_ANP_Raízen.extract_tables_file scheduled__2022-07-05T13:30:00+00:00 [failed]> in state failed
[2022-07-05 14:45:07,093] {logging_mixin.py:115} INFO - [2022-07-05 14:45:07,093] {dag.py:2371} INFO - Sync 1 DAGs
[2022-07-05 14:45:07,235] {logging_mixin.py:115} INFO - [2022-07-05 14:45:07,235] {dag.py:2919} INFO - Setting next_dagrun for ETL_ANP_Raízen to 2022-07-05T14:30:00+00:00, run_after=2022-07-05T15:30:00+00:00
[2022-07-05 14:45:07,323] {processor.py:161} INFO - Processing /opt/airflow/dags/ETL_Raizen.py took 7.448 seconds
[2022-07-05 14:45:37,556] {processor.py:153} INFO - Started process (PID=127) to work on /opt/airflow/dags/ETL_Raizen.py
[2022-07-05 14:45:37,560] {processor.py:641} INFO - Processing file /opt/airflow/dags/ETL_Raizen.py for tasks to queue
[2022-07-05 14:45:37,561] {logging_mixin.py:115} INFO - [2022-07-05 14:45:37,561] {dagbag.py:507} INFO - Filling up the DagBag from /opt/airflow/dags/ETL_Raizen.py
[2022-07-05 14:45:39,599] {processor.py:651} INFO - DAG(s) dict_keys(['ETL_ANP_Raízen']) retrieved from /opt/airflow/dags/ETL_Raizen.py
[2022-07-05 14:45:39,646] {logging_mixin.py:115} INFO - [2022-07-05 14:45:39,645] {dag.py:2371} INFO - Sync 1 DAGs
[2022-07-05 14:45:39,701] {logging_mixin.py:115} INFO - [2022-07-05 14:45:39,700] {dag.py:2919} INFO - Setting next_dagrun for ETL_ANP_Raízen to 2022-07-05T14:30:00+00:00, run_after=2022-07-05T15:30:00+00:00
[2022-07-05 14:45:39,727] {processor.py:161} INFO - Processing /opt/airflow/dags/ETL_Raizen.py took 2.184 seconds
[2022-07-05 14:46:09,838] {processor.py:153} INFO - Started process (PID=148) to work on /opt/airflow/dags/ETL_Raizen.py
[2022-07-05 14:46:09,840] {processor.py:641} INFO - Processing file /opt/airflow/dags/ETL_Raizen.py for tasks to queue
[2022-07-05 14:46:09,841] {logging_mixin.py:115} INFO - [2022-07-05 14:46:09,841] {dagbag.py:507} INFO - Filling up the DagBag from /opt/airflow/dags/ETL_Raizen.py
[2022-07-05 14:46:11,037] {processor.py:651} INFO - DAG(s) dict_keys(['ETL_ANP_Raízen']) retrieved from /opt/airflow/dags/ETL_Raizen.py
[2022-07-05 14:46:11,087] {logging_mixin.py:115} INFO - [2022-07-05 14:46:11,086] {dag.py:2371} INFO - Sync 1 DAGs
[2022-07-05 14:46:11,141] {logging_mixin.py:115} INFO - [2022-07-05 14:46:11,141] {dag.py:2919} INFO - Setting next_dagrun for ETL_ANP_Raízen to 2022-07-05T14:30:00+00:00, run_after=2022-07-05T15:30:00+00:00
[2022-07-05 14:46:11,168] {processor.py:161} INFO - Processing /opt/airflow/dags/ETL_Raizen.py took 1.335 seconds
[2022-07-05 14:46:41,290] {processor.py:153} INFO - Started process (PID=170) to work on /opt/airflow/dags/ETL_Raizen.py
[2022-07-05 14:46:41,300] {processor.py:641} INFO - Processing file /opt/airflow/dags/ETL_Raizen.py for tasks to queue
[2022-07-05 14:46:41,301] {logging_mixin.py:115} INFO - [2022-07-05 14:46:41,301] {dagbag.py:507} INFO - Filling up the DagBag from /opt/airflow/dags/ETL_Raizen.py
[2022-07-05 14:46:42,695] {processor.py:651} INFO - DAG(s) dict_keys(['ETL_ANP_Raízen']) retrieved from /opt/airflow/dags/ETL_Raizen.py
[2022-07-05 14:46:42,743] {logging_mixin.py:115} INFO - [2022-07-05 14:46:42,742] {dag.py:2371} INFO - Sync 1 DAGs
[2022-07-05 14:46:42,799] {logging_mixin.py:115} INFO - [2022-07-05 14:46:42,798] {dag.py:2919} INFO - Setting next_dagrun for ETL_ANP_Raízen to 2022-07-05T14:30:00+00:00, run_after=2022-07-05T15:30:00+00:00
[2022-07-05 14:46:42,824] {processor.py:161} INFO - Processing /opt/airflow/dags/ETL_Raizen.py took 1.541 seconds
[2022-07-05 14:47:12,939] {processor.py:153} INFO - Started process (PID=201) to work on /opt/airflow/dags/ETL_Raizen.py
[2022-07-05 14:47:12,940] {processor.py:641} INFO - Processing file /opt/airflow/dags/ETL_Raizen.py for tasks to queue
[2022-07-05 14:47:12,941] {logging_mixin.py:115} INFO - [2022-07-05 14:47:12,941] {dagbag.py:507} INFO - Filling up the DagBag from /opt/airflow/dags/ETL_Raizen.py
[2022-07-05 14:47:14,385] {processor.py:651} INFO - DAG(s) dict_keys(['ETL_ANP_Raízen']) retrieved from /opt/airflow/dags/ETL_Raizen.py
[2022-07-05 14:47:14,445] {logging_mixin.py:115} INFO - [2022-07-05 14:47:14,444] {dag.py:2371} INFO - Sync 1 DAGs
[2022-07-05 14:47:14,496] {logging_mixin.py:115} INFO - [2022-07-05 14:47:14,495] {dag.py:2919} INFO - Setting next_dagrun for ETL_ANP_Raízen to 2022-07-05T14:30:00+00:00, run_after=2022-07-05T15:30:00+00:00
[2022-07-05 14:47:14,518] {processor.py:161} INFO - Processing /opt/airflow/dags/ETL_Raizen.py took 1.586 seconds
[2022-07-05 14:47:44,621] {processor.py:153} INFO - Started process (PID=223) to work on /opt/airflow/dags/ETL_Raizen.py
[2022-07-05 14:47:44,622] {processor.py:641} INFO - Processing file /opt/airflow/dags/ETL_Raizen.py for tasks to queue
[2022-07-05 14:47:44,624] {logging_mixin.py:115} INFO - [2022-07-05 14:47:44,623] {dagbag.py:507} INFO - Filling up the DagBag from /opt/airflow/dags/ETL_Raizen.py
[2022-07-05 14:47:45,922] {processor.py:651} INFO - DAG(s) dict_keys(['ETL_ANP_Raízen']) retrieved from /opt/airflow/dags/ETL_Raizen.py
[2022-07-05 14:47:45,969] {logging_mixin.py:115} INFO - [2022-07-05 14:47:45,968] {dag.py:2371} INFO - Sync 1 DAGs
[2022-07-05 14:47:46,023] {logging_mixin.py:115} INFO - [2022-07-05 14:47:46,023] {dag.py:2919} INFO - Setting next_dagrun for ETL_ANP_Raízen to 2022-07-05T14:30:00+00:00, run_after=2022-07-05T15:30:00+00:00
[2022-07-05 14:47:46,047] {processor.py:161} INFO - Processing /opt/airflow/dags/ETL_Raizen.py took 1.433 seconds
[2022-07-05 14:48:16,162] {processor.py:153} INFO - Started process (PID=246) to work on /opt/airflow/dags/ETL_Raizen.py
[2022-07-05 14:48:16,163] {processor.py:641} INFO - Processing file /opt/airflow/dags/ETL_Raizen.py for tasks to queue
[2022-07-05 14:48:16,164] {logging_mixin.py:115} INFO - [2022-07-05 14:48:16,164] {dagbag.py:507} INFO - Filling up the DagBag from /opt/airflow/dags/ETL_Raizen.py
[2022-07-05 14:48:18,551] {processor.py:651} INFO - DAG(s) dict_keys(['ETL_ANP_Raízen']) retrieved from /opt/airflow/dags/ETL_Raizen.py
[2022-07-05 14:48:18,640] {logging_mixin.py:115} INFO - [2022-07-05 14:48:18,631] {dag.py:2371} INFO - Sync 1 DAGs
[2022-07-05 14:48:18,704] {logging_mixin.py:115} INFO - [2022-07-05 14:48:18,704] {dag.py:2919} INFO - Setting next_dagrun for ETL_ANP_Raízen to 2022-07-05T14:30:00+00:00, run_after=2022-07-05T15:30:00+00:00
[2022-07-05 14:48:18,748] {processor.py:161} INFO - Processing /opt/airflow/dags/ETL_Raizen.py took 2.600 seconds
[2022-07-05 14:48:48,896] {processor.py:153} INFO - Started process (PID=275) to work on /opt/airflow/dags/ETL_Raizen.py
[2022-07-05 14:48:48,897] {processor.py:641} INFO - Processing file /opt/airflow/dags/ETL_Raizen.py for tasks to queue
[2022-07-05 14:48:48,898] {logging_mixin.py:115} INFO - [2022-07-05 14:48:48,898] {dagbag.py:507} INFO - Filling up the DagBag from /opt/airflow/dags/ETL_Raizen.py
[2022-07-05 14:48:50,236] {processor.py:651} INFO - DAG(s) dict_keys(['ETL_ANP_Raízen']) retrieved from /opt/airflow/dags/ETL_Raizen.py
[2022-07-05 14:48:50,278] {logging_mixin.py:115} INFO - [2022-07-05 14:48:50,277] {dag.py:2371} INFO - Sync 1 DAGs
[2022-07-05 14:48:50,334] {logging_mixin.py:115} INFO - [2022-07-05 14:48:50,333] {dag.py:2919} INFO - Setting next_dagrun for ETL_ANP_Raízen to 2022-07-05T14:30:00+00:00, run_after=2022-07-05T15:30:00+00:00
[2022-07-05 14:48:50,358] {processor.py:161} INFO - Processing /opt/airflow/dags/ETL_Raizen.py took 1.468 seconds
[2022-07-05 14:49:20,497] {processor.py:153} INFO - Started process (PID=298) to work on /opt/airflow/dags/ETL_Raizen.py
[2022-07-05 14:49:20,498] {processor.py:641} INFO - Processing file /opt/airflow/dags/ETL_Raizen.py for tasks to queue
[2022-07-05 14:49:20,500] {logging_mixin.py:115} INFO - [2022-07-05 14:49:20,499] {dagbag.py:507} INFO - Filling up the DagBag from /opt/airflow/dags/ETL_Raizen.py
[2022-07-05 14:49:21,651] {processor.py:651} INFO - DAG(s) dict_keys(['ETL_ANP_Raízen']) retrieved from /opt/airflow/dags/ETL_Raizen.py
[2022-07-05 14:49:21,697] {logging_mixin.py:115} INFO - [2022-07-05 14:49:21,696] {dag.py:2371} INFO - Sync 1 DAGs
[2022-07-05 14:49:21,753] {logging_mixin.py:115} INFO - [2022-07-05 14:49:21,753] {dag.py:2919} INFO - Setting next_dagrun for ETL_ANP_Raízen to 2022-07-05T14:30:00+00:00, run_after=2022-07-05T15:30:00+00:00
[2022-07-05 14:49:21,781] {processor.py:161} INFO - Processing /opt/airflow/dags/ETL_Raizen.py took 1.291 seconds
[2022-07-05 14:49:51,902] {processor.py:153} INFO - Started process (PID=319) to work on /opt/airflow/dags/ETL_Raizen.py
[2022-07-05 14:49:51,903] {processor.py:641} INFO - Processing file /opt/airflow/dags/ETL_Raizen.py for tasks to queue
[2022-07-05 14:49:51,904] {logging_mixin.py:115} INFO - [2022-07-05 14:49:51,904] {dagbag.py:507} INFO - Filling up the DagBag from /opt/airflow/dags/ETL_Raizen.py
[2022-07-05 14:49:53,063] {processor.py:651} INFO - DAG(s) dict_keys(['ETL_ANP_Raízen']) retrieved from /opt/airflow/dags/ETL_Raizen.py
[2022-07-05 14:49:53,110] {logging_mixin.py:115} INFO - [2022-07-05 14:49:53,109] {dag.py:2371} INFO - Sync 1 DAGs
[2022-07-05 14:49:53,163] {logging_mixin.py:115} INFO - [2022-07-05 14:49:53,163] {dag.py:2919} INFO - Setting next_dagrun for ETL_ANP_Raízen to 2022-07-05T14:30:00+00:00, run_after=2022-07-05T15:30:00+00:00
[2022-07-05 14:49:53,187] {processor.py:161} INFO - Processing /opt/airflow/dags/ETL_Raizen.py took 1.293 seconds
[2022-07-05 14:50:23,295] {processor.py:153} INFO - Started process (PID=341) to work on /opt/airflow/dags/ETL_Raizen.py
[2022-07-05 14:50:23,297] {processor.py:641} INFO - Processing file /opt/airflow/dags/ETL_Raizen.py for tasks to queue
[2022-07-05 14:50:23,298] {logging_mixin.py:115} INFO - [2022-07-05 14:50:23,298] {dagbag.py:507} INFO - Filling up the DagBag from /opt/airflow/dags/ETL_Raizen.py
[2022-07-05 14:50:24,735] {processor.py:651} INFO - DAG(s) dict_keys(['ETL_ANP_Raízen']) retrieved from /opt/airflow/dags/ETL_Raizen.py
[2022-07-05 14:50:24,808] {logging_mixin.py:115} INFO - [2022-07-05 14:50:24,807] {dag.py:2371} INFO - Sync 1 DAGs
[2022-07-05 14:50:24,889] {logging_mixin.py:115} INFO - [2022-07-05 14:50:24,889] {dag.py:2919} INFO - Setting next_dagrun for ETL_ANP_Raízen to 2022-07-05T14:30:00+00:00, run_after=2022-07-05T15:30:00+00:00
[2022-07-05 14:50:24,919] {processor.py:161} INFO - Processing /opt/airflow/dags/ETL_Raizen.py took 1.630 seconds
[2022-07-05 14:50:55,039] {processor.py:153} INFO - Started process (PID=365) to work on /opt/airflow/dags/ETL_Raizen.py
[2022-07-05 14:50:55,041] {processor.py:641} INFO - Processing file /opt/airflow/dags/ETL_Raizen.py for tasks to queue
[2022-07-05 14:50:55,042] {logging_mixin.py:115} INFO - [2022-07-05 14:50:55,041] {dagbag.py:507} INFO - Filling up the DagBag from /opt/airflow/dags/ETL_Raizen.py
[2022-07-05 14:50:57,612] {processor.py:651} INFO - DAG(s) dict_keys(['ETL_ANP_Raízen']) retrieved from /opt/airflow/dags/ETL_Raizen.py
[2022-07-05 14:50:57,772] {logging_mixin.py:115} INFO - [2022-07-05 14:50:57,767] {dag.py:2371} INFO - Sync 1 DAGs
[2022-07-05 14:50:57,967] {logging_mixin.py:115} INFO - [2022-07-05 14:50:57,967] {dag.py:2919} INFO - Setting next_dagrun for ETL_ANP_Raízen to 2022-07-05T14:30:00+00:00, run_after=2022-07-05T15:30:00+00:00
[2022-07-05 14:50:58,073] {processor.py:161} INFO - Processing /opt/airflow/dags/ETL_Raizen.py took 3.040 seconds
[2022-07-05 14:51:28,270] {processor.py:153} INFO - Started process (PID=385) to work on /opt/airflow/dags/ETL_Raizen.py
[2022-07-05 14:51:28,271] {processor.py:641} INFO - Processing file /opt/airflow/dags/ETL_Raizen.py for tasks to queue
[2022-07-05 14:51:28,272] {logging_mixin.py:115} INFO - [2022-07-05 14:51:28,272] {dagbag.py:507} INFO - Filling up the DagBag from /opt/airflow/dags/ETL_Raizen.py
[2022-07-05 14:51:29,831] {processor.py:651} INFO - DAG(s) dict_keys(['ETL_ANP_Raízen']) retrieved from /opt/airflow/dags/ETL_Raizen.py
[2022-07-05 14:51:29,889] {logging_mixin.py:115} INFO - [2022-07-05 14:51:29,888] {dag.py:2371} INFO - Sync 1 DAGs
[2022-07-05 14:51:29,970] {logging_mixin.py:115} INFO - [2022-07-05 14:51:29,970] {dag.py:2919} INFO - Setting next_dagrun for ETL_ANP_Raízen to 2022-07-05T14:30:00+00:00, run_after=2022-07-05T15:30:00+00:00
[2022-07-05 14:51:29,994] {processor.py:161} INFO - Processing /opt/airflow/dags/ETL_Raizen.py took 1.731 seconds
[2022-07-05 14:52:00,167] {processor.py:153} INFO - Started process (PID=405) to work on /opt/airflow/dags/ETL_Raizen.py
[2022-07-05 14:52:00,168] {processor.py:641} INFO - Processing file /opt/airflow/dags/ETL_Raizen.py for tasks to queue
[2022-07-05 14:52:00,170] {logging_mixin.py:115} INFO - [2022-07-05 14:52:00,168] {dagbag.py:507} INFO - Filling up the DagBag from /opt/airflow/dags/ETL_Raizen.py
[2022-07-05 14:52:01,600] {processor.py:651} INFO - DAG(s) dict_keys(['ETL_ANP_Raízen']) retrieved from /opt/airflow/dags/ETL_Raizen.py
[2022-07-05 14:52:01,648] {logging_mixin.py:115} INFO - [2022-07-05 14:52:01,647] {dag.py:2371} INFO - Sync 1 DAGs
[2022-07-05 14:52:01,704] {logging_mixin.py:115} INFO - [2022-07-05 14:52:01,704] {dag.py:2919} INFO - Setting next_dagrun for ETL_ANP_Raízen to 2022-07-05T14:30:00+00:00, run_after=2022-07-05T15:30:00+00:00
[2022-07-05 14:52:01,738] {processor.py:161} INFO - Processing /opt/airflow/dags/ETL_Raizen.py took 1.584 seconds
[2022-07-05 14:52:31,867] {processor.py:153} INFO - Started process (PID=437) to work on /opt/airflow/dags/ETL_Raizen.py
[2022-07-05 14:52:31,868] {processor.py:641} INFO - Processing file /opt/airflow/dags/ETL_Raizen.py for tasks to queue
[2022-07-05 14:52:31,869] {logging_mixin.py:115} INFO - [2022-07-05 14:52:31,869] {dagbag.py:507} INFO - Filling up the DagBag from /opt/airflow/dags/ETL_Raizen.py
[2022-07-05 14:52:33,471] {processor.py:651} INFO - DAG(s) dict_keys(['ETL_ANP_Raízen']) retrieved from /opt/airflow/dags/ETL_Raizen.py
[2022-07-05 14:52:33,526] {logging_mixin.py:115} INFO - [2022-07-05 14:52:33,525] {dag.py:2371} INFO - Sync 1 DAGs
[2022-07-05 14:52:33,580] {logging_mixin.py:115} INFO - [2022-07-05 14:52:33,580] {dag.py:2919} INFO - Setting next_dagrun for ETL_ANP_Raízen to 2022-07-05T14:30:00+00:00, run_after=2022-07-05T15:30:00+00:00
[2022-07-05 14:52:33,607] {processor.py:161} INFO - Processing /opt/airflow/dags/ETL_Raizen.py took 1.746 seconds
[2022-07-05 14:53:03,730] {processor.py:153} INFO - Started process (PID=457) to work on /opt/airflow/dags/ETL_Raizen.py
[2022-07-05 14:53:03,731] {processor.py:641} INFO - Processing file /opt/airflow/dags/ETL_Raizen.py for tasks to queue
[2022-07-05 14:53:03,732] {logging_mixin.py:115} INFO - [2022-07-05 14:53:03,731] {dagbag.py:507} INFO - Filling up the DagBag from /opt/airflow/dags/ETL_Raizen.py
[2022-07-05 14:53:05,079] {processor.py:651} INFO - DAG(s) dict_keys(['ETL_ANP_Raízen']) retrieved from /opt/airflow/dags/ETL_Raizen.py
[2022-07-05 14:53:05,122] {logging_mixin.py:115} INFO - [2022-07-05 14:53:05,121] {dag.py:2371} INFO - Sync 1 DAGs
[2022-07-05 14:53:05,187] {logging_mixin.py:115} INFO - [2022-07-05 14:53:05,187] {dag.py:2919} INFO - Setting next_dagrun for ETL_ANP_Raízen to 2022-07-05T14:30:00+00:00, run_after=2022-07-05T15:30:00+00:00
[2022-07-05 14:53:05,224] {processor.py:161} INFO - Processing /opt/airflow/dags/ETL_Raizen.py took 1.501 seconds
[2022-07-05 14:53:35,395] {processor.py:153} INFO - Started process (PID=478) to work on /opt/airflow/dags/ETL_Raizen.py
[2022-07-05 14:53:35,400] {processor.py:641} INFO - Processing file /opt/airflow/dags/ETL_Raizen.py for tasks to queue
[2022-07-05 14:53:35,401] {logging_mixin.py:115} INFO - [2022-07-05 14:53:35,401] {dagbag.py:507} INFO - Filling up the DagBag from /opt/airflow/dags/ETL_Raizen.py
[2022-07-05 14:53:37,364] {processor.py:651} INFO - DAG(s) dict_keys(['ETL_ANP_Raízen']) retrieved from /opt/airflow/dags/ETL_Raizen.py
[2022-07-05 14:53:37,461] {logging_mixin.py:115} INFO - [2022-07-05 14:53:37,460] {dag.py:2371} INFO - Sync 1 DAGs
[2022-07-05 14:53:37,577] {logging_mixin.py:115} INFO - [2022-07-05 14:53:37,577] {dag.py:2919} INFO - Setting next_dagrun for ETL_ANP_Raízen to 2022-07-05T14:30:00+00:00, run_after=2022-07-05T15:30:00+00:00
[2022-07-05 14:53:37,627] {processor.py:161} INFO - Processing /opt/airflow/dags/ETL_Raizen.py took 2.249 seconds
[2022-07-05 14:54:07,810] {processor.py:153} INFO - Started process (PID=498) to work on /opt/airflow/dags/ETL_Raizen.py
[2022-07-05 14:54:07,816] {processor.py:641} INFO - Processing file /opt/airflow/dags/ETL_Raizen.py for tasks to queue
[2022-07-05 14:54:07,817] {logging_mixin.py:115} INFO - [2022-07-05 14:54:07,817] {dagbag.py:507} INFO - Filling up the DagBag from /opt/airflow/dags/ETL_Raizen.py
[2022-07-05 14:54:09,511] {processor.py:651} INFO - DAG(s) dict_keys(['ETL_ANP_Raízen']) retrieved from /opt/airflow/dags/ETL_Raizen.py
[2022-07-05 14:54:09,564] {logging_mixin.py:115} INFO - [2022-07-05 14:54:09,563] {dag.py:2371} INFO - Sync 1 DAGs
[2022-07-05 14:54:09,633] {logging_mixin.py:115} INFO - [2022-07-05 14:54:09,633] {dag.py:2919} INFO - Setting next_dagrun for ETL_ANP_Raízen to 2022-07-05T14:30:00+00:00, run_after=2022-07-05T15:30:00+00:00
[2022-07-05 14:54:09,661] {processor.py:161} INFO - Processing /opt/airflow/dags/ETL_Raizen.py took 1.858 seconds
[2022-07-05 14:54:39,801] {processor.py:153} INFO - Started process (PID=518) to work on /opt/airflow/dags/ETL_Raizen.py
[2022-07-05 14:54:39,802] {processor.py:641} INFO - Processing file /opt/airflow/dags/ETL_Raizen.py for tasks to queue
[2022-07-05 14:54:39,803] {logging_mixin.py:115} INFO - [2022-07-05 14:54:39,802] {dagbag.py:507} INFO - Filling up the DagBag from /opt/airflow/dags/ETL_Raizen.py
[2022-07-05 14:54:41,001] {processor.py:651} INFO - DAG(s) dict_keys(['ETL_ANP_Raízen']) retrieved from /opt/airflow/dags/ETL_Raizen.py
[2022-07-05 14:54:41,051] {logging_mixin.py:115} INFO - [2022-07-05 14:54:41,050] {dag.py:2371} INFO - Sync 1 DAGs
[2022-07-05 14:54:41,107] {logging_mixin.py:115} INFO - [2022-07-05 14:54:41,107] {dag.py:2919} INFO - Setting next_dagrun for ETL_ANP_Raízen to 2022-07-05T14:30:00+00:00, run_after=2022-07-05T15:30:00+00:00
[2022-07-05 14:54:41,136] {processor.py:161} INFO - Processing /opt/airflow/dags/ETL_Raizen.py took 1.342 seconds
[2022-07-05 14:55:11,291] {processor.py:153} INFO - Started process (PID=538) to work on /opt/airflow/dags/ETL_Raizen.py
[2022-07-05 14:55:11,295] {processor.py:641} INFO - Processing file /opt/airflow/dags/ETL_Raizen.py for tasks to queue
[2022-07-05 14:55:11,296] {logging_mixin.py:115} INFO - [2022-07-05 14:55:11,296] {dagbag.py:507} INFO - Filling up the DagBag from /opt/airflow/dags/ETL_Raizen.py
[2022-07-05 14:55:12,763] {processor.py:651} INFO - DAG(s) dict_keys(['ETL_ANP_Raízen']) retrieved from /opt/airflow/dags/ETL_Raizen.py
[2022-07-05 14:55:12,810] {logging_mixin.py:115} INFO - [2022-07-05 14:55:12,808] {dag.py:2371} INFO - Sync 1 DAGs
[2022-07-05 14:55:12,865] {logging_mixin.py:115} INFO - [2022-07-05 14:55:12,865] {dag.py:2919} INFO - Setting next_dagrun for ETL_ANP_Raízen to 2022-07-05T14:30:00+00:00, run_after=2022-07-05T15:30:00+00:00
[2022-07-05 14:55:12,889] {processor.py:161} INFO - Processing /opt/airflow/dags/ETL_Raizen.py took 1.605 seconds
[2022-07-05 14:55:43,021] {processor.py:153} INFO - Started process (PID=558) to work on /opt/airflow/dags/ETL_Raizen.py
[2022-07-05 14:55:43,023] {processor.py:641} INFO - Processing file /opt/airflow/dags/ETL_Raizen.py for tasks to queue
[2022-07-05 14:55:43,024] {logging_mixin.py:115} INFO - [2022-07-05 14:55:43,024] {dagbag.py:507} INFO - Filling up the DagBag from /opt/airflow/dags/ETL_Raizen.py
[2022-07-05 14:55:44,269] {processor.py:651} INFO - DAG(s) dict_keys(['ETL_ANP_Raízen']) retrieved from /opt/airflow/dags/ETL_Raizen.py
[2022-07-05 14:55:44,321] {logging_mixin.py:115} INFO - [2022-07-05 14:55:44,320] {dag.py:2371} INFO - Sync 1 DAGs
[2022-07-05 14:55:44,373] {logging_mixin.py:115} INFO - [2022-07-05 14:55:44,373] {dag.py:2919} INFO - Setting next_dagrun for ETL_ANP_Raízen to 2022-07-05T14:30:00+00:00, run_after=2022-07-05T15:30:00+00:00
[2022-07-05 14:55:44,398] {processor.py:161} INFO - Processing /opt/airflow/dags/ETL_Raizen.py took 1.385 seconds
[2022-07-05 14:56:14,667] {processor.py:153} INFO - Started process (PID=577) to work on /opt/airflow/dags/ETL_Raizen.py
[2022-07-05 14:56:14,684] {processor.py:641} INFO - Processing file /opt/airflow/dags/ETL_Raizen.py for tasks to queue
[2022-07-05 14:56:14,685] {logging_mixin.py:115} INFO - [2022-07-05 14:56:14,685] {dagbag.py:507} INFO - Filling up the DagBag from /opt/airflow/dags/ETL_Raizen.py
[2022-07-05 14:56:22,144] {processor.py:651} INFO - DAG(s) dict_keys(['ETL_ANP_Raízen']) retrieved from /opt/airflow/dags/ETL_Raizen.py
[2022-07-05 14:56:22,513] {logging_mixin.py:115} INFO - [2022-07-05 14:56:22,512] {dag.py:2371} INFO - Sync 1 DAGs
[2022-07-05 14:56:22,852] {logging_mixin.py:115} INFO - [2022-07-05 14:56:22,852] {dag.py:2919} INFO - Setting next_dagrun for ETL_ANP_Raízen to 2022-07-05T14:30:00+00:00, run_after=2022-07-05T15:30:00+00:00
[2022-07-05 14:56:23,068] {processor.py:161} INFO - Processing /opt/airflow/dags/ETL_Raizen.py took 8.428 seconds
[2022-07-05 14:56:53,373] {processor.py:153} INFO - Started process (PID=597) to work on /opt/airflow/dags/ETL_Raizen.py
[2022-07-05 14:56:53,379] {processor.py:641} INFO - Processing file /opt/airflow/dags/ETL_Raizen.py for tasks to queue
[2022-07-05 14:56:53,385] {logging_mixin.py:115} INFO - [2022-07-05 14:56:53,384] {dagbag.py:507} INFO - Filling up the DagBag from /opt/airflow/dags/ETL_Raizen.py
[2022-07-05 14:56:59,405] {processor.py:651} INFO - DAG(s) dict_keys(['ETL_ANP_Raízen']) retrieved from /opt/airflow/dags/ETL_Raizen.py
[2022-07-05 14:56:59,465] {logging_mixin.py:115} INFO - [2022-07-05 14:56:59,464] {dag.py:2371} INFO - Sync 1 DAGs
[2022-07-05 14:56:59,526] {logging_mixin.py:115} INFO - [2022-07-05 14:56:59,526] {dag.py:2919} INFO - Setting next_dagrun for ETL_ANP_Raízen to 2022-07-05T14:30:00+00:00, run_after=2022-07-05T15:30:00+00:00
[2022-07-05 14:56:59,573] {processor.py:161} INFO - Processing /opt/airflow/dags/ETL_Raizen.py took 6.234 seconds
[2022-07-05 14:57:29,812] {processor.py:153} INFO - Started process (PID=615) to work on /opt/airflow/dags/ETL_Raizen.py
[2022-07-05 14:57:29,826] {processor.py:641} INFO - Processing file /opt/airflow/dags/ETL_Raizen.py for tasks to queue
[2022-07-05 14:57:29,827] {logging_mixin.py:115} INFO - [2022-07-05 14:57:29,827] {dagbag.py:507} INFO - Filling up the DagBag from /opt/airflow/dags/ETL_Raizen.py
[2022-07-05 14:57:35,533] {processor.py:651} INFO - DAG(s) dict_keys(['ETL_ANP_Raízen']) retrieved from /opt/airflow/dags/ETL_Raizen.py
[2022-07-05 14:57:35,628] {logging_mixin.py:115} INFO - [2022-07-05 14:57:35,624] {dag.py:2371} INFO - Sync 1 DAGs
[2022-07-05 14:57:35,753] {logging_mixin.py:115} INFO - [2022-07-05 14:57:35,753] {dag.py:2919} INFO - Setting next_dagrun for ETL_ANP_Raízen to 2022-07-05T14:30:00+00:00, run_after=2022-07-05T15:30:00+00:00
[2022-07-05 14:57:35,807] {processor.py:161} INFO - Processing /opt/airflow/dags/ETL_Raizen.py took 6.027 seconds
[2022-07-05 14:58:05,939] {processor.py:153} INFO - Started process (PID=630) to work on /opt/airflow/dags/ETL_Raizen.py
[2022-07-05 14:58:05,940] {processor.py:641} INFO - Processing file /opt/airflow/dags/ETL_Raizen.py for tasks to queue
[2022-07-05 14:58:05,941] {logging_mixin.py:115} INFO - [2022-07-05 14:58:05,941] {dagbag.py:507} INFO - Filling up the DagBag from /opt/airflow/dags/ETL_Raizen.py
[2022-07-05 14:58:09,028] {processor.py:651} INFO - DAG(s) dict_keys(['ETL_ANP_Raízen']) retrieved from /opt/airflow/dags/ETL_Raizen.py
[2022-07-05 14:58:09,091] {logging_mixin.py:115} INFO - [2022-07-05 14:58:09,087] {dag.py:2371} INFO - Sync 1 DAGs
[2022-07-05 14:58:09,159] {logging_mixin.py:115} INFO - [2022-07-05 14:58:09,159] {dag.py:2919} INFO - Setting next_dagrun for ETL_ANP_Raízen to 2022-07-05T14:30:00+00:00, run_after=2022-07-05T15:30:00+00:00
[2022-07-05 14:58:09,216] {processor.py:161} INFO - Processing /opt/airflow/dags/ETL_Raizen.py took 3.284 seconds
[2022-07-05 14:58:39,503] {processor.py:153} INFO - Started process (PID=654) to work on /opt/airflow/dags/ETL_Raizen.py
[2022-07-05 14:58:39,508] {processor.py:641} INFO - Processing file /opt/airflow/dags/ETL_Raizen.py for tasks to queue
[2022-07-05 14:58:39,510] {logging_mixin.py:115} INFO - [2022-07-05 14:58:39,509] {dagbag.py:507} INFO - Filling up the DagBag from /opt/airflow/dags/ETL_Raizen.py
[2022-07-05 14:58:42,803] {processor.py:651} INFO - DAG(s) dict_keys(['ETL_ANP_Raízen']) retrieved from /opt/airflow/dags/ETL_Raizen.py
[2022-07-05 14:58:42,959] {logging_mixin.py:115} INFO - [2022-07-05 14:58:42,958] {dag.py:2371} INFO - Sync 1 DAGs
[2022-07-05 14:58:43,112] {logging_mixin.py:115} INFO - [2022-07-05 14:58:43,112] {dag.py:2919} INFO - Setting next_dagrun for ETL_ANP_Raízen to 2022-07-05T14:30:00+00:00, run_after=2022-07-05T15:30:00+00:00
[2022-07-05 14:58:43,157] {processor.py:161} INFO - Processing /opt/airflow/dags/ETL_Raizen.py took 3.689 seconds
[2022-07-05 14:59:13,306] {processor.py:153} INFO - Started process (PID=676) to work on /opt/airflow/dags/ETL_Raizen.py
[2022-07-05 14:59:13,307] {processor.py:641} INFO - Processing file /opt/airflow/dags/ETL_Raizen.py for tasks to queue
[2022-07-05 14:59:13,322] {logging_mixin.py:115} INFO - [2022-07-05 14:59:13,322] {dagbag.py:507} INFO - Filling up the DagBag from /opt/airflow/dags/ETL_Raizen.py
[2022-07-05 14:59:17,268] {processor.py:651} INFO - DAG(s) dict_keys(['ETL_ANP_Raízen']) retrieved from /opt/airflow/dags/ETL_Raizen.py
[2022-07-05 14:59:17,435] {logging_mixin.py:115} INFO - [2022-07-05 14:59:17,434] {dag.py:2371} INFO - Sync 1 DAGs
[2022-07-05 14:59:17,598] {logging_mixin.py:115} INFO - [2022-07-05 14:59:17,597] {dag.py:2919} INFO - Setting next_dagrun for ETL_ANP_Raízen to 2022-07-05T14:30:00+00:00, run_after=2022-07-05T15:30:00+00:00
[2022-07-05 14:59:17,686] {processor.py:161} INFO - Processing /opt/airflow/dags/ETL_Raizen.py took 4.389 seconds
[2022-07-05 14:59:48,152] {processor.py:153} INFO - Started process (PID=697) to work on /opt/airflow/dags/ETL_Raizen.py
[2022-07-05 14:59:48,153] {processor.py:641} INFO - Processing file /opt/airflow/dags/ETL_Raizen.py for tasks to queue
[2022-07-05 14:59:48,156] {logging_mixin.py:115} INFO - [2022-07-05 14:59:48,154] {dagbag.py:507} INFO - Filling up the DagBag from /opt/airflow/dags/ETL_Raizen.py
[2022-07-05 14:59:50,472] {processor.py:651} INFO - DAG(s) dict_keys(['ETL_ANP_Raízen']) retrieved from /opt/airflow/dags/ETL_Raizen.py
[2022-07-05 14:59:50,527] {logging_mixin.py:115} INFO - [2022-07-05 14:59:50,526] {dag.py:2371} INFO - Sync 1 DAGs
[2022-07-05 14:59:50,613] {logging_mixin.py:115} INFO - [2022-07-05 14:59:50,612] {dag.py:2919} INFO - Setting next_dagrun for ETL_ANP_Raízen to 2022-07-05T14:30:00+00:00, run_after=2022-07-05T15:30:00+00:00
[2022-07-05 14:59:50,646] {processor.py:161} INFO - Processing /opt/airflow/dags/ETL_Raizen.py took 2.501 seconds
[2022-07-05 15:00:20,830] {processor.py:153} INFO - Started process (PID=718) to work on /opt/airflow/dags/ETL_Raizen.py
[2022-07-05 15:00:20,837] {processor.py:641} INFO - Processing file /opt/airflow/dags/ETL_Raizen.py for tasks to queue
[2022-07-05 15:00:20,843] {logging_mixin.py:115} INFO - [2022-07-05 15:00:20,843] {dagbag.py:507} INFO - Filling up the DagBag from /opt/airflow/dags/ETL_Raizen.py
[2022-07-05 15:00:23,955] {processor.py:651} INFO - DAG(s) dict_keys(['ETL_ANP_Raízen']) retrieved from /opt/airflow/dags/ETL_Raizen.py
[2022-07-05 15:00:24,037] {logging_mixin.py:115} INFO - [2022-07-05 15:00:24,033] {dag.py:2371} INFO - Sync 1 DAGs
[2022-07-05 15:00:24,133] {logging_mixin.py:115} INFO - [2022-07-05 15:00:24,132] {dag.py:2919} INFO - Setting next_dagrun for ETL_ANP_Raízen to 2022-07-05T14:30:00+00:00, run_after=2022-07-05T15:30:00+00:00
[2022-07-05 15:00:24,174] {processor.py:161} INFO - Processing /opt/airflow/dags/ETL_Raizen.py took 3.375 seconds
[2022-07-05 15:00:54,612] {processor.py:153} INFO - Started process (PID=738) to work on /opt/airflow/dags/ETL_Raizen.py
[2022-07-05 15:00:54,619] {processor.py:641} INFO - Processing file /opt/airflow/dags/ETL_Raizen.py for tasks to queue
[2022-07-05 15:00:54,642] {logging_mixin.py:115} INFO - [2022-07-05 15:00:54,642] {dagbag.py:507} INFO - Filling up the DagBag from /opt/airflow/dags/ETL_Raizen.py
[2022-07-05 15:01:01,989] {processor.py:651} INFO - DAG(s) dict_keys(['ETL_ANP_Raízen']) retrieved from /opt/airflow/dags/ETL_Raizen.py
[2022-07-05 15:01:02,072] {logging_mixin.py:115} INFO - [2022-07-05 15:01:02,071] {dag.py:2371} INFO - Sync 1 DAGs
[2022-07-05 15:01:02,183] {logging_mixin.py:115} INFO - [2022-07-05 15:01:02,181] {dag.py:2919} INFO - Setting next_dagrun for ETL_ANP_Raízen to 2022-07-05T14:30:00+00:00, run_after=2022-07-05T15:30:00+00:00
[2022-07-05 15:01:02,246] {processor.py:161} INFO - Processing /opt/airflow/dags/ETL_Raizen.py took 7.767 seconds
[2022-07-05 15:01:32,467] {processor.py:153} INFO - Started process (PID=758) to work on /opt/airflow/dags/ETL_Raizen.py
[2022-07-05 15:01:32,482] {processor.py:641} INFO - Processing file /opt/airflow/dags/ETL_Raizen.py for tasks to queue
[2022-07-05 15:01:32,483] {logging_mixin.py:115} INFO - [2022-07-05 15:01:32,483] {dagbag.py:507} INFO - Filling up the DagBag from /opt/airflow/dags/ETL_Raizen.py
[2022-07-05 15:01:40,384] {processor.py:651} INFO - DAG(s) dict_keys(['ETL_ANP_Raízen']) retrieved from /opt/airflow/dags/ETL_Raizen.py
[2022-07-05 15:01:40,664] {logging_mixin.py:115} INFO - [2022-07-05 15:01:40,658] {dag.py:2371} INFO - Sync 1 DAGs
[2022-07-05 15:01:40,962] {logging_mixin.py:115} INFO - [2022-07-05 15:01:40,961] {dag.py:2919} INFO - Setting next_dagrun for ETL_ANP_Raízen to 2022-07-05T14:30:00+00:00, run_after=2022-07-05T15:30:00+00:00
[2022-07-05 15:01:41,037] {processor.py:161} INFO - Processing /opt/airflow/dags/ETL_Raizen.py took 8.620 seconds
[2022-07-05 15:02:11,430] {processor.py:153} INFO - Started process (PID=780) to work on /opt/airflow/dags/ETL_Raizen.py
[2022-07-05 15:02:11,467] {processor.py:641} INFO - Processing file /opt/airflow/dags/ETL_Raizen.py for tasks to queue
[2022-07-05 15:02:11,468] {logging_mixin.py:115} INFO - [2022-07-05 15:02:11,468] {dagbag.py:507} INFO - Filling up the DagBag from /opt/airflow/dags/ETL_Raizen.py
[2022-07-05 15:02:18,224] {processor.py:651} INFO - DAG(s) dict_keys(['ETL_ANP_Raízen']) retrieved from /opt/airflow/dags/ETL_Raizen.py
[2022-07-05 15:02:18,637] {logging_mixin.py:115} INFO - [2022-07-05 15:02:18,626] {dag.py:2371} INFO - Sync 1 DAGs
[2022-07-05 15:02:19,291] {logging_mixin.py:115} INFO - [2022-07-05 15:02:19,288] {dag.py:2919} INFO - Setting next_dagrun for ETL_ANP_Raízen to 2022-07-05T14:30:00+00:00, run_after=2022-07-05T15:30:00+00:00
[2022-07-05 15:02:19,423] {processor.py:161} INFO - Processing /opt/airflow/dags/ETL_Raizen.py took 8.059 seconds
[2022-07-05 15:02:49,687] {processor.py:153} INFO - Started process (PID=800) to work on /opt/airflow/dags/ETL_Raizen.py
[2022-07-05 15:02:49,690] {processor.py:641} INFO - Processing file /opt/airflow/dags/ETL_Raizen.py for tasks to queue
[2022-07-05 15:02:49,696] {logging_mixin.py:115} INFO - [2022-07-05 15:02:49,696] {dagbag.py:507} INFO - Filling up the DagBag from /opt/airflow/dags/ETL_Raizen.py
[2022-07-05 15:02:57,558] {processor.py:651} INFO - DAG(s) dict_keys(['ETL_ANP_Raízen']) retrieved from /opt/airflow/dags/ETL_Raizen.py
[2022-07-05 15:02:57,808] {logging_mixin.py:115} INFO - [2022-07-05 15:02:57,805] {dag.py:2371} INFO - Sync 1 DAGs
[2022-07-05 15:02:58,110] {logging_mixin.py:115} INFO - [2022-07-05 15:02:58,099] {dag.py:2919} INFO - Setting next_dagrun for ETL_ANP_Raízen to 2022-07-05T14:30:00+00:00, run_after=2022-07-05T15:30:00+00:00
[2022-07-05 15:02:58,197] {processor.py:161} INFO - Processing /opt/airflow/dags/ETL_Raizen.py took 8.538 seconds
[2022-07-05 15:03:28,458] {processor.py:153} INFO - Started process (PID=818) to work on /opt/airflow/dags/ETL_Raizen.py
[2022-07-05 15:03:28,463] {processor.py:641} INFO - Processing file /opt/airflow/dags/ETL_Raizen.py for tasks to queue
[2022-07-05 15:03:28,473] {logging_mixin.py:115} INFO - [2022-07-05 15:03:28,473] {dagbag.py:507} INFO - Filling up the DagBag from /opt/airflow/dags/ETL_Raizen.py
[2022-07-05 15:03:34,758] {processor.py:651} INFO - DAG(s) dict_keys(['ETL_ANP_Raízen']) retrieved from /opt/airflow/dags/ETL_Raizen.py
[2022-07-05 15:03:34,983] {logging_mixin.py:115} INFO - [2022-07-05 15:03:34,982] {dag.py:2371} INFO - Sync 1 DAGs
[2022-07-05 15:03:35,244] {logging_mixin.py:115} INFO - [2022-07-05 15:03:35,244] {dag.py:2919} INFO - Setting next_dagrun for ETL_ANP_Raízen to 2022-07-05T14:30:00+00:00, run_after=2022-07-05T15:30:00+00:00
[2022-07-05 15:03:35,324] {processor.py:161} INFO - Processing /opt/airflow/dags/ETL_Raizen.py took 6.892 seconds
[2022-07-05 15:04:05,587] {processor.py:153} INFO - Started process (PID=831) to work on /opt/airflow/dags/ETL_Raizen.py
[2022-07-05 15:04:05,592] {processor.py:641} INFO - Processing file /opt/airflow/dags/ETL_Raizen.py for tasks to queue
[2022-07-05 15:04:05,599] {logging_mixin.py:115} INFO - [2022-07-05 15:04:05,598] {dagbag.py:507} INFO - Filling up the DagBag from /opt/airflow/dags/ETL_Raizen.py
[2022-07-05 15:04:10,439] {processor.py:651} INFO - DAG(s) dict_keys(['ETL_ANP_Raízen']) retrieved from /opt/airflow/dags/ETL_Raizen.py
[2022-07-05 15:04:10,618] {logging_mixin.py:115} INFO - [2022-07-05 15:04:10,617] {dag.py:2371} INFO - Sync 1 DAGs
[2022-07-05 15:04:10,794] {logging_mixin.py:115} INFO - [2022-07-05 15:04:10,794] {dag.py:2919} INFO - Setting next_dagrun for ETL_ANP_Raízen to 2022-07-05T14:30:00+00:00, run_after=2022-07-05T15:30:00+00:00
[2022-07-05 15:04:10,868] {processor.py:161} INFO - Processing /opt/airflow/dags/ETL_Raizen.py took 5.307 seconds
[2022-07-05 15:04:41,172] {processor.py:153} INFO - Started process (PID=857) to work on /opt/airflow/dags/ETL_Raizen.py
[2022-07-05 15:04:41,176] {processor.py:641} INFO - Processing file /opt/airflow/dags/ETL_Raizen.py for tasks to queue
[2022-07-05 15:04:41,178] {logging_mixin.py:115} INFO - [2022-07-05 15:04:41,178] {dagbag.py:507} INFO - Filling up the DagBag from /opt/airflow/dags/ETL_Raizen.py
[2022-07-05 15:04:43,406] {processor.py:651} INFO - DAG(s) dict_keys(['ETL_ANP_Raízen']) retrieved from /opt/airflow/dags/ETL_Raizen.py
[2022-07-05 15:04:43,498] {logging_mixin.py:115} INFO - [2022-07-05 15:04:43,497] {dag.py:2371} INFO - Sync 1 DAGs
[2022-07-05 15:04:43,563] {logging_mixin.py:115} INFO - [2022-07-05 15:04:43,563] {dag.py:2919} INFO - Setting next_dagrun for ETL_ANP_Raízen to 2022-07-05T14:30:00+00:00, run_after=2022-07-05T15:30:00+00:00
[2022-07-05 15:04:43,586] {processor.py:161} INFO - Processing /opt/airflow/dags/ETL_Raizen.py took 2.426 seconds
[2022-07-05 15:05:13,788] {processor.py:153} INFO - Started process (PID=877) to work on /opt/airflow/dags/ETL_Raizen.py
[2022-07-05 15:05:13,791] {processor.py:641} INFO - Processing file /opt/airflow/dags/ETL_Raizen.py for tasks to queue
[2022-07-05 15:05:13,796] {logging_mixin.py:115} INFO - [2022-07-05 15:05:13,796] {dagbag.py:507} INFO - Filling up the DagBag from /opt/airflow/dags/ETL_Raizen.py
[2022-07-05 15:05:17,843] {processor.py:651} INFO - DAG(s) dict_keys(['ETL_ANP_Raízen']) retrieved from /opt/airflow/dags/ETL_Raizen.py
[2022-07-05 15:05:17,912] {logging_mixin.py:115} INFO - [2022-07-05 15:05:17,911] {dag.py:2371} INFO - Sync 1 DAGs
[2022-07-05 15:05:17,985] {logging_mixin.py:115} INFO - [2022-07-05 15:05:17,985] {dag.py:2919} INFO - Setting next_dagrun for ETL_ANP_Raízen to 2022-07-05T14:30:00+00:00, run_after=2022-07-05T15:30:00+00:00
[2022-07-05 15:05:18,015] {processor.py:161} INFO - Processing /opt/airflow/dags/ETL_Raizen.py took 4.259 seconds
[2022-07-05 15:05:48,196] {processor.py:153} INFO - Started process (PID=897) to work on /opt/airflow/dags/ETL_Raizen.py
[2022-07-05 15:05:48,200] {processor.py:641} INFO - Processing file /opt/airflow/dags/ETL_Raizen.py for tasks to queue
[2022-07-05 15:05:48,201] {logging_mixin.py:115} INFO - [2022-07-05 15:05:48,201] {dagbag.py:507} INFO - Filling up the DagBag from /opt/airflow/dags/ETL_Raizen.py
[2022-07-05 15:05:53,592] {processor.py:651} INFO - DAG(s) dict_keys(['ETL_ANP_Raízen']) retrieved from /opt/airflow/dags/ETL_Raizen.py
[2022-07-05 15:05:53,670] {logging_mixin.py:115} INFO - [2022-07-05 15:05:53,669] {dag.py:2371} INFO - Sync 1 DAGs
[2022-07-05 15:05:53,792] {logging_mixin.py:115} INFO - [2022-07-05 15:05:53,792] {dag.py:2919} INFO - Setting next_dagrun for ETL_ANP_Raízen to 2022-07-05T14:30:00+00:00, run_after=2022-07-05T15:30:00+00:00
[2022-07-05 15:05:53,840] {processor.py:161} INFO - Processing /opt/airflow/dags/ETL_Raizen.py took 5.662 seconds
[2022-07-05 15:06:24,039] {processor.py:153} INFO - Started process (PID=915) to work on /opt/airflow/dags/ETL_Raizen.py
[2022-07-05 15:06:24,056] {processor.py:641} INFO - Processing file /opt/airflow/dags/ETL_Raizen.py for tasks to queue
[2022-07-05 15:06:24,057] {logging_mixin.py:115} INFO - [2022-07-05 15:06:24,057] {dagbag.py:507} INFO - Filling up the DagBag from /opt/airflow/dags/ETL_Raizen.py
[2022-07-05 15:06:28,603] {processor.py:651} INFO - DAG(s) dict_keys(['ETL_ANP_Raízen']) retrieved from /opt/airflow/dags/ETL_Raizen.py
[2022-07-05 15:06:28,694] {logging_mixin.py:115} INFO - [2022-07-05 15:06:28,693] {dag.py:2371} INFO - Sync 1 DAGs
[2022-07-05 15:06:28,815] {logging_mixin.py:115} INFO - [2022-07-05 15:06:28,814] {dag.py:2919} INFO - Setting next_dagrun for ETL_ANP_Raízen to 2022-07-05T14:30:00+00:00, run_after=2022-07-05T15:30:00+00:00
[2022-07-05 15:06:28,863] {processor.py:161} INFO - Processing /opt/airflow/dags/ETL_Raizen.py took 4.845 seconds
[2022-07-05 15:06:59,110] {processor.py:153} INFO - Started process (PID=937) to work on /opt/airflow/dags/ETL_Raizen.py
[2022-07-05 15:06:59,111] {processor.py:641} INFO - Processing file /opt/airflow/dags/ETL_Raizen.py for tasks to queue
[2022-07-05 15:06:59,127] {logging_mixin.py:115} INFO - [2022-07-05 15:06:59,126] {dagbag.py:507} INFO - Filling up the DagBag from /opt/airflow/dags/ETL_Raizen.py
[2022-07-05 15:07:03,105] {processor.py:651} INFO - DAG(s) dict_keys(['ETL_ANP_Raízen']) retrieved from /opt/airflow/dags/ETL_Raizen.py
[2022-07-05 15:07:03,195] {logging_mixin.py:115} INFO - [2022-07-05 15:07:03,192] {dag.py:2371} INFO - Sync 1 DAGs
[2022-07-05 15:07:03,415] {logging_mixin.py:115} INFO - [2022-07-05 15:07:03,414] {dag.py:2919} INFO - Setting next_dagrun for ETL_ANP_Raízen to 2022-07-05T14:30:00+00:00, run_after=2022-07-05T15:30:00+00:00
[2022-07-05 15:07:03,552] {processor.py:161} INFO - Processing /opt/airflow/dags/ETL_Raizen.py took 4.457 seconds
[2022-07-05 15:07:33,909] {processor.py:153} INFO - Started process (PID=958) to work on /opt/airflow/dags/ETL_Raizen.py
[2022-07-05 15:07:33,918] {processor.py:641} INFO - Processing file /opt/airflow/dags/ETL_Raizen.py for tasks to queue
[2022-07-05 15:07:33,919] {logging_mixin.py:115} INFO - [2022-07-05 15:07:33,919] {dagbag.py:507} INFO - Filling up the DagBag from /opt/airflow/dags/ETL_Raizen.py
[2022-07-05 15:07:37,817] {processor.py:651} INFO - DAG(s) dict_keys(['ETL_ANP_Raízen']) retrieved from /opt/airflow/dags/ETL_Raizen.py
[2022-07-05 15:07:37,911] {logging_mixin.py:115} INFO - [2022-07-05 15:07:37,910] {dag.py:2371} INFO - Sync 1 DAGs
[2022-07-05 15:07:38,080] {logging_mixin.py:115} INFO - [2022-07-05 15:07:38,075] {dag.py:2919} INFO - Setting next_dagrun for ETL_ANP_Raízen to 2022-07-05T14:30:00+00:00, run_after=2022-07-05T15:30:00+00:00
[2022-07-05 15:07:38,162] {processor.py:161} INFO - Processing /opt/airflow/dags/ETL_Raizen.py took 4.278 seconds
[2022-07-05 15:08:08,427] {processor.py:153} INFO - Started process (PID=981) to work on /opt/airflow/dags/ETL_Raizen.py
[2022-07-05 15:08:08,428] {processor.py:641} INFO - Processing file /opt/airflow/dags/ETL_Raizen.py for tasks to queue
[2022-07-05 15:08:08,429] {logging_mixin.py:115} INFO - [2022-07-05 15:08:08,429] {dagbag.py:507} INFO - Filling up the DagBag from /opt/airflow/dags/ETL_Raizen.py
[2022-07-05 15:08:12,765] {processor.py:651} INFO - DAG(s) dict_keys(['ETL_ANP_Raízen']) retrieved from /opt/airflow/dags/ETL_Raizen.py
[2022-07-05 15:08:12,971] {logging_mixin.py:115} INFO - [2022-07-05 15:08:12,963] {dag.py:2371} INFO - Sync 1 DAGs
[2022-07-05 15:08:13,228] {logging_mixin.py:115} INFO - [2022-07-05 15:08:13,228] {dag.py:2919} INFO - Setting next_dagrun for ETL_ANP_Raízen to 2022-07-05T14:30:00+00:00, run_after=2022-07-05T15:30:00+00:00
[2022-07-05 15:08:13,279] {processor.py:161} INFO - Processing /opt/airflow/dags/ETL_Raizen.py took 4.867 seconds
[2022-07-05 15:08:43,494] {processor.py:153} INFO - Started process (PID=994) to work on /opt/airflow/dags/ETL_Raizen.py
[2022-07-05 15:08:43,495] {processor.py:641} INFO - Processing file /opt/airflow/dags/ETL_Raizen.py for tasks to queue
[2022-07-05 15:08:43,497] {logging_mixin.py:115} INFO - [2022-07-05 15:08:43,497] {dagbag.py:507} INFO - Filling up the DagBag from /opt/airflow/dags/ETL_Raizen.py
[2022-07-05 15:08:45,205] {processor.py:651} INFO - DAG(s) dict_keys(['ETL_ANP_Raízen']) retrieved from /opt/airflow/dags/ETL_Raizen.py
[2022-07-05 15:08:45,271] {logging_mixin.py:115} INFO - [2022-07-05 15:08:45,270] {dag.py:2371} INFO - Sync 1 DAGs
[2022-07-05 15:08:45,385] {logging_mixin.py:115} INFO - [2022-07-05 15:08:45,385] {dag.py:2919} INFO - Setting next_dagrun for ETL_ANP_Raízen to 2022-07-05T14:30:00+00:00, run_after=2022-07-05T15:30:00+00:00
[2022-07-05 15:08:45,550] {processor.py:161} INFO - Processing /opt/airflow/dags/ETL_Raizen.py took 2.071 seconds
[2022-07-05 15:09:15,762] {processor.py:153} INFO - Started process (PID=1016) to work on /opt/airflow/dags/ETL_Raizen.py
[2022-07-05 15:09:15,763] {processor.py:641} INFO - Processing file /opt/airflow/dags/ETL_Raizen.py for tasks to queue
[2022-07-05 15:09:15,765] {logging_mixin.py:115} INFO - [2022-07-05 15:09:15,765] {dagbag.py:507} INFO - Filling up the DagBag from /opt/airflow/dags/ETL_Raizen.py
[2022-07-05 15:09:17,018] {processor.py:651} INFO - DAG(s) dict_keys(['ETL_ANP_Raízen']) retrieved from /opt/airflow/dags/ETL_Raizen.py
[2022-07-05 15:09:17,069] {logging_mixin.py:115} INFO - [2022-07-05 15:09:17,068] {dag.py:2371} INFO - Sync 1 DAGs
[2022-07-05 15:09:17,134] {logging_mixin.py:115} INFO - [2022-07-05 15:09:17,134] {dag.py:2919} INFO - Setting next_dagrun for ETL_ANP_Raízen to 2022-07-05T14:30:00+00:00, run_after=2022-07-05T15:30:00+00:00
[2022-07-05 15:09:17,161] {processor.py:161} INFO - Processing /opt/airflow/dags/ETL_Raizen.py took 1.405 seconds
[2022-07-05 15:09:47,312] {processor.py:153} INFO - Started process (PID=1037) to work on /opt/airflow/dags/ETL_Raizen.py
[2022-07-05 15:09:47,313] {processor.py:641} INFO - Processing file /opt/airflow/dags/ETL_Raizen.py for tasks to queue
[2022-07-05 15:09:47,314] {logging_mixin.py:115} INFO - [2022-07-05 15:09:47,314] {dagbag.py:507} INFO - Filling up the DagBag from /opt/airflow/dags/ETL_Raizen.py
[2022-07-05 15:09:48,557] {processor.py:651} INFO - DAG(s) dict_keys(['ETL_ANP_Raízen']) retrieved from /opt/airflow/dags/ETL_Raizen.py
[2022-07-05 15:09:48,614] {logging_mixin.py:115} INFO - [2022-07-05 15:09:48,613] {dag.py:2371} INFO - Sync 1 DAGs
[2022-07-05 15:09:48,679] {logging_mixin.py:115} INFO - [2022-07-05 15:09:48,679] {dag.py:2919} INFO - Setting next_dagrun for ETL_ANP_Raízen to 2022-07-05T14:30:00+00:00, run_after=2022-07-05T15:30:00+00:00
[2022-07-05 15:09:48,705] {processor.py:161} INFO - Processing /opt/airflow/dags/ETL_Raizen.py took 1.400 seconds
[2022-07-05 15:10:18,813] {processor.py:153} INFO - Started process (PID=1069) to work on /opt/airflow/dags/ETL_Raizen.py
[2022-07-05 15:10:18,815] {processor.py:641} INFO - Processing file /opt/airflow/dags/ETL_Raizen.py for tasks to queue
[2022-07-05 15:10:18,816] {logging_mixin.py:115} INFO - [2022-07-05 15:10:18,816] {dagbag.py:507} INFO - Filling up the DagBag from /opt/airflow/dags/ETL_Raizen.py
[2022-07-05 15:10:20,512] {processor.py:651} INFO - DAG(s) dict_keys(['ETL_ANP_Raízen']) retrieved from /opt/airflow/dags/ETL_Raizen.py
[2022-07-05 15:10:20,570] {logging_mixin.py:115} INFO - [2022-07-05 15:10:20,569] {dag.py:2371} INFO - Sync 1 DAGs
[2022-07-05 15:10:20,631] {logging_mixin.py:115} INFO - [2022-07-05 15:10:20,631] {dag.py:2919} INFO - Setting next_dagrun for ETL_ANP_Raízen to 2022-07-05T14:30:00+00:00, run_after=2022-07-05T15:30:00+00:00
[2022-07-05 15:10:20,668] {processor.py:161} INFO - Processing /opt/airflow/dags/ETL_Raizen.py took 1.863 seconds
[2022-07-05 15:10:50,794] {processor.py:153} INFO - Started process (PID=1093) to work on /opt/airflow/dags/ETL_Raizen.py
[2022-07-05 15:10:50,796] {processor.py:641} INFO - Processing file /opt/airflow/dags/ETL_Raizen.py for tasks to queue
[2022-07-05 15:10:50,802] {logging_mixin.py:115} INFO - [2022-07-05 15:10:50,801] {dagbag.py:507} INFO - Filling up the DagBag from /opt/airflow/dags/ETL_Raizen.py
[2022-07-05 15:10:52,529] {processor.py:651} INFO - DAG(s) dict_keys(['ETL_ANP_Raízen']) retrieved from /opt/airflow/dags/ETL_Raizen.py
[2022-07-05 15:10:52,575] {logging_mixin.py:115} INFO - [2022-07-05 15:10:52,574] {dag.py:2371} INFO - Sync 1 DAGs
[2022-07-05 15:10:52,630] {logging_mixin.py:115} INFO - [2022-07-05 15:10:52,629] {dag.py:2919} INFO - Setting next_dagrun for ETL_ANP_Raízen to 2022-07-05T14:30:00+00:00, run_after=2022-07-05T15:30:00+00:00
[2022-07-05 15:10:52,652] {processor.py:161} INFO - Processing /opt/airflow/dags/ETL_Raizen.py took 1.879 seconds
[2022-07-05 15:11:22,799] {processor.py:153} INFO - Started process (PID=1113) to work on /opt/airflow/dags/ETL_Raizen.py
[2022-07-05 15:11:22,801] {processor.py:641} INFO - Processing file /opt/airflow/dags/ETL_Raizen.py for tasks to queue
[2022-07-05 15:11:22,803] {logging_mixin.py:115} INFO - [2022-07-05 15:11:22,802] {dagbag.py:507} INFO - Filling up the DagBag from /opt/airflow/dags/ETL_Raizen.py
[2022-07-05 15:11:24,352] {processor.py:651} INFO - DAG(s) dict_keys(['ETL_ANP_Raízen']) retrieved from /opt/airflow/dags/ETL_Raizen.py
[2022-07-05 15:11:24,402] {logging_mixin.py:115} INFO - [2022-07-05 15:11:24,401] {dag.py:2371} INFO - Sync 1 DAGs
[2022-07-05 15:11:24,458] {logging_mixin.py:115} INFO - [2022-07-05 15:11:24,457] {dag.py:2919} INFO - Setting next_dagrun for ETL_ANP_Raízen to 2022-07-05T14:30:00+00:00, run_after=2022-07-05T15:30:00+00:00
[2022-07-05 15:11:24,482] {processor.py:161} INFO - Processing /opt/airflow/dags/ETL_Raizen.py took 1.690 seconds
[2022-07-05 15:11:54,635] {processor.py:153} INFO - Started process (PID=1136) to work on /opt/airflow/dags/ETL_Raizen.py
[2022-07-05 15:11:54,636] {processor.py:641} INFO - Processing file /opt/airflow/dags/ETL_Raizen.py for tasks to queue
[2022-07-05 15:11:54,637] {logging_mixin.py:115} INFO - [2022-07-05 15:11:54,637] {dagbag.py:507} INFO - Filling up the DagBag from /opt/airflow/dags/ETL_Raizen.py
[2022-07-05 15:11:57,950] {processor.py:651} INFO - DAG(s) dict_keys(['ETL_ANP_Raízen']) retrieved from /opt/airflow/dags/ETL_Raizen.py
[2022-07-05 15:11:58,027] {logging_mixin.py:115} INFO - [2022-07-05 15:11:58,026] {dag.py:2371} INFO - Sync 1 DAGs
[2022-07-05 15:11:58,111] {logging_mixin.py:115} INFO - [2022-07-05 15:11:58,111] {dag.py:2919} INFO - Setting next_dagrun for ETL_ANP_Raízen to 2022-07-05T14:30:00+00:00, run_after=2022-07-05T15:30:00+00:00
[2022-07-05 15:11:58,158] {processor.py:161} INFO - Processing /opt/airflow/dags/ETL_Raizen.py took 3.543 seconds
[2022-07-05 15:12:28,346] {processor.py:153} INFO - Started process (PID=1168) to work on /opt/airflow/dags/ETL_Raizen.py
[2022-07-05 15:12:28,363] {processor.py:641} INFO - Processing file /opt/airflow/dags/ETL_Raizen.py for tasks to queue
[2022-07-05 15:12:28,372] {logging_mixin.py:115} INFO - [2022-07-05 15:12:28,369] {dagbag.py:507} INFO - Filling up the DagBag from /opt/airflow/dags/ETL_Raizen.py
[2022-07-05 15:12:32,084] {processor.py:651} INFO - DAG(s) dict_keys(['ETL_ANP_Raízen']) retrieved from /opt/airflow/dags/ETL_Raizen.py
[2022-07-05 15:12:32,190] {logging_mixin.py:115} INFO - [2022-07-05 15:12:32,189] {dag.py:2371} INFO - Sync 1 DAGs
[2022-07-05 15:12:32,286] {logging_mixin.py:115} INFO - [2022-07-05 15:12:32,285] {dag.py:2919} INFO - Setting next_dagrun for ETL_ANP_Raízen to 2022-07-05T14:30:00+00:00, run_after=2022-07-05T15:30:00+00:00
[2022-07-05 15:12:32,315] {processor.py:161} INFO - Processing /opt/airflow/dags/ETL_Raizen.py took 4.014 seconds
[2022-07-05 15:13:02,427] {processor.py:153} INFO - Started process (PID=1188) to work on /opt/airflow/dags/ETL_Raizen.py
[2022-07-05 15:13:02,432] {processor.py:641} INFO - Processing file /opt/airflow/dags/ETL_Raizen.py for tasks to queue
[2022-07-05 15:13:02,439] {logging_mixin.py:115} INFO - [2022-07-05 15:13:02,439] {dagbag.py:507} INFO - Filling up the DagBag from /opt/airflow/dags/ETL_Raizen.py
[2022-07-05 15:13:03,623] {processor.py:651} INFO - DAG(s) dict_keys(['ETL_ANP_Raízen']) retrieved from /opt/airflow/dags/ETL_Raizen.py
[2022-07-05 15:13:03,671] {logging_mixin.py:115} INFO - [2022-07-05 15:13:03,670] {dag.py:2371} INFO - Sync 1 DAGs
[2022-07-05 15:13:03,735] {logging_mixin.py:115} INFO - [2022-07-05 15:13:03,735] {dag.py:2919} INFO - Setting next_dagrun for ETL_ANP_Raízen to 2022-07-05T14:30:00+00:00, run_after=2022-07-05T15:30:00+00:00
[2022-07-05 15:13:03,758] {processor.py:161} INFO - Processing /opt/airflow/dags/ETL_Raizen.py took 1.344 seconds
[2022-07-05 15:13:33,878] {processor.py:153} INFO - Started process (PID=1208) to work on /opt/airflow/dags/ETL_Raizen.py
[2022-07-05 15:13:33,880] {processor.py:641} INFO - Processing file /opt/airflow/dags/ETL_Raizen.py for tasks to queue
[2022-07-05 15:13:33,881] {logging_mixin.py:115} INFO - [2022-07-05 15:13:33,881] {dagbag.py:507} INFO - Filling up the DagBag from /opt/airflow/dags/ETL_Raizen.py
[2022-07-05 15:13:35,538] {processor.py:651} INFO - DAG(s) dict_keys(['ETL_ANP_Raízen']) retrieved from /opt/airflow/dags/ETL_Raizen.py
[2022-07-05 15:13:35,584] {logging_mixin.py:115} INFO - [2022-07-05 15:13:35,583] {dag.py:2371} INFO - Sync 1 DAGs
[2022-07-05 15:13:35,644] {logging_mixin.py:115} INFO - [2022-07-05 15:13:35,644] {dag.py:2919} INFO - Setting next_dagrun for ETL_ANP_Raízen to 2022-07-05T14:30:00+00:00, run_after=2022-07-05T15:30:00+00:00
[2022-07-05 15:13:35,686] {processor.py:161} INFO - Processing /opt/airflow/dags/ETL_Raizen.py took 1.815 seconds
[2022-07-05 15:14:05,873] {processor.py:153} INFO - Started process (PID=1229) to work on /opt/airflow/dags/ETL_Raizen.py
[2022-07-05 15:14:05,878] {processor.py:641} INFO - Processing file /opt/airflow/dags/ETL_Raizen.py for tasks to queue
[2022-07-05 15:14:05,883] {logging_mixin.py:115} INFO - [2022-07-05 15:14:05,882] {dagbag.py:507} INFO - Filling up the DagBag from /opt/airflow/dags/ETL_Raizen.py
[2022-07-05 15:14:07,729] {processor.py:651} INFO - DAG(s) dict_keys(['ETL_ANP_Raízen']) retrieved from /opt/airflow/dags/ETL_Raizen.py
[2022-07-05 15:14:07,782] {logging_mixin.py:115} INFO - [2022-07-05 15:14:07,781] {dag.py:2371} INFO - Sync 1 DAGs
[2022-07-05 15:14:07,844] {logging_mixin.py:115} INFO - [2022-07-05 15:14:07,844] {dag.py:2919} INFO - Setting next_dagrun for ETL_ANP_Raízen to 2022-07-05T14:30:00+00:00, run_after=2022-07-05T15:30:00+00:00
[2022-07-05 15:14:07,883] {processor.py:161} INFO - Processing /opt/airflow/dags/ETL_Raizen.py took 2.037 seconds
[2022-07-05 15:14:37,994] {processor.py:153} INFO - Started process (PID=1256) to work on /opt/airflow/dags/ETL_Raizen.py
[2022-07-05 15:14:37,995] {processor.py:641} INFO - Processing file /opt/airflow/dags/ETL_Raizen.py for tasks to queue
[2022-07-05 15:14:37,999] {logging_mixin.py:115} INFO - [2022-07-05 15:14:37,999] {dagbag.py:507} INFO - Filling up the DagBag from /opt/airflow/dags/ETL_Raizen.py
[2022-07-05 15:14:40,560] {processor.py:651} INFO - DAG(s) dict_keys(['ETL_ANP_Raízen']) retrieved from /opt/airflow/dags/ETL_Raizen.py
[2022-07-05 15:14:40,668] {logging_mixin.py:115} INFO - [2022-07-05 15:14:40,667] {dag.py:2371} INFO - Sync 1 DAGs
[2022-07-05 15:14:40,728] {logging_mixin.py:115} INFO - [2022-07-05 15:14:40,727] {dag.py:2919} INFO - Setting next_dagrun for ETL_ANP_Raízen to 2022-07-05T14:30:00+00:00, run_after=2022-07-05T15:30:00+00:00
[2022-07-05 15:14:40,764] {processor.py:161} INFO - Processing /opt/airflow/dags/ETL_Raizen.py took 2.780 seconds
[2022-07-05 15:15:10,908] {processor.py:153} INFO - Started process (PID=1288) to work on /opt/airflow/dags/ETL_Raizen.py
[2022-07-05 15:15:10,909] {processor.py:641} INFO - Processing file /opt/airflow/dags/ETL_Raizen.py for tasks to queue
[2022-07-05 15:15:10,910] {logging_mixin.py:115} INFO - [2022-07-05 15:15:10,910] {dagbag.py:507} INFO - Filling up the DagBag from /opt/airflow/dags/ETL_Raizen.py
[2022-07-05 15:15:12,698] {processor.py:651} INFO - DAG(s) dict_keys(['ETL_ANP_Raízen']) retrieved from /opt/airflow/dags/ETL_Raizen.py
[2022-07-05 15:15:12,760] {logging_mixin.py:115} INFO - [2022-07-05 15:15:12,759] {dag.py:2371} INFO - Sync 1 DAGs
[2022-07-05 15:15:12,827] {logging_mixin.py:115} INFO - [2022-07-05 15:15:12,827] {dag.py:2919} INFO - Setting next_dagrun for ETL_ANP_Raízen to 2022-07-05T14:30:00+00:00, run_after=2022-07-05T15:30:00+00:00
[2022-07-05 15:15:12,868] {processor.py:161} INFO - Processing /opt/airflow/dags/ETL_Raizen.py took 1.968 seconds
[2022-07-05 15:15:42,997] {processor.py:153} INFO - Started process (PID=1308) to work on /opt/airflow/dags/ETL_Raizen.py
[2022-07-05 15:15:42,998] {processor.py:641} INFO - Processing file /opt/airflow/dags/ETL_Raizen.py for tasks to queue
[2022-07-05 15:15:42,999] {logging_mixin.py:115} INFO - [2022-07-05 15:15:42,999] {dagbag.py:507} INFO - Filling up the DagBag from /opt/airflow/dags/ETL_Raizen.py
[2022-07-05 15:15:44,257] {processor.py:651} INFO - DAG(s) dict_keys(['ETL_ANP_Raízen']) retrieved from /opt/airflow/dags/ETL_Raizen.py
[2022-07-05 15:15:44,310] {logging_mixin.py:115} INFO - [2022-07-05 15:15:44,309] {dag.py:2371} INFO - Sync 1 DAGs
[2022-07-05 15:15:44,375] {logging_mixin.py:115} INFO - [2022-07-05 15:15:44,375] {dag.py:2919} INFO - Setting next_dagrun for ETL_ANP_Raízen to 2022-07-05T14:30:00+00:00, run_after=2022-07-05T15:30:00+00:00
[2022-07-05 15:15:44,404] {processor.py:161} INFO - Processing /opt/airflow/dags/ETL_Raizen.py took 1.414 seconds
[2022-07-05 15:16:14,527] {processor.py:153} INFO - Started process (PID=1328) to work on /opt/airflow/dags/ETL_Raizen.py
[2022-07-05 15:16:14,528] {processor.py:641} INFO - Processing file /opt/airflow/dags/ETL_Raizen.py for tasks to queue
[2022-07-05 15:16:14,529] {logging_mixin.py:115} INFO - [2022-07-05 15:16:14,529] {dagbag.py:507} INFO - Filling up the DagBag from /opt/airflow/dags/ETL_Raizen.py
[2022-07-05 15:16:15,858] {processor.py:651} INFO - DAG(s) dict_keys(['ETL_ANP_Raízen']) retrieved from /opt/airflow/dags/ETL_Raizen.py
[2022-07-05 15:16:15,927] {logging_mixin.py:115} INFO - [2022-07-05 15:16:15,926] {dag.py:2371} INFO - Sync 1 DAGs
[2022-07-05 15:16:16,039] {logging_mixin.py:115} INFO - [2022-07-05 15:16:16,036] {dag.py:2919} INFO - Setting next_dagrun for ETL_ANP_Raízen to 2022-07-05T14:30:00+00:00, run_after=2022-07-05T15:30:00+00:00
[2022-07-05 15:16:16,087] {processor.py:161} INFO - Processing /opt/airflow/dags/ETL_Raizen.py took 1.567 seconds
[2022-07-05 15:16:46,233] {processor.py:153} INFO - Started process (PID=1350) to work on /opt/airflow/dags/ETL_Raizen.py
[2022-07-05 15:16:46,235] {processor.py:641} INFO - Processing file /opt/airflow/dags/ETL_Raizen.py for tasks to queue
[2022-07-05 15:16:46,236] {logging_mixin.py:115} INFO - [2022-07-05 15:16:46,236] {dagbag.py:507} INFO - Filling up the DagBag from /opt/airflow/dags/ETL_Raizen.py
[2022-07-05 15:16:47,750] {processor.py:651} INFO - DAG(s) dict_keys(['ETL_ANP_Raízen']) retrieved from /opt/airflow/dags/ETL_Raizen.py
[2022-07-05 15:16:47,812] {logging_mixin.py:115} INFO - [2022-07-05 15:16:47,811] {dag.py:2371} INFO - Sync 1 DAGs
[2022-07-05 15:16:47,879] {logging_mixin.py:115} INFO - [2022-07-05 15:16:47,878] {dag.py:2919} INFO - Setting next_dagrun for ETL_ANP_Raízen to 2022-07-05T14:30:00+00:00, run_after=2022-07-05T15:30:00+00:00
[2022-07-05 15:16:47,908] {processor.py:161} INFO - Processing /opt/airflow/dags/ETL_Raizen.py took 1.681 seconds
[2022-07-05 15:17:18,065] {processor.py:153} INFO - Started process (PID=1371) to work on /opt/airflow/dags/ETL_Raizen.py
[2022-07-05 15:17:18,067] {processor.py:641} INFO - Processing file /opt/airflow/dags/ETL_Raizen.py for tasks to queue
[2022-07-05 15:17:18,068] {logging_mixin.py:115} INFO - [2022-07-05 15:17:18,068] {dagbag.py:507} INFO - Filling up the DagBag from /opt/airflow/dags/ETL_Raizen.py
[2022-07-05 15:17:19,945] {processor.py:651} INFO - DAG(s) dict_keys(['ETL_ANP_Raízen']) retrieved from /opt/airflow/dags/ETL_Raizen.py
[2022-07-05 15:17:20,004] {logging_mixin.py:115} INFO - [2022-07-05 15:17:20,003] {dag.py:2371} INFO - Sync 1 DAGs
[2022-07-05 15:17:20,072] {logging_mixin.py:115} INFO - [2022-07-05 15:17:20,072] {dag.py:2919} INFO - Setting next_dagrun for ETL_ANP_Raízen to 2022-07-05T14:30:00+00:00, run_after=2022-07-05T15:30:00+00:00
[2022-07-05 15:17:20,098] {processor.py:161} INFO - Processing /opt/airflow/dags/ETL_Raizen.py took 2.049 seconds
[2022-07-05 15:17:50,211] {processor.py:153} INFO - Started process (PID=1391) to work on /opt/airflow/dags/ETL_Raizen.py
[2022-07-05 15:17:50,213] {processor.py:641} INFO - Processing file /opt/airflow/dags/ETL_Raizen.py for tasks to queue
[2022-07-05 15:17:50,214] {logging_mixin.py:115} INFO - [2022-07-05 15:17:50,214] {dagbag.py:507} INFO - Filling up the DagBag from /opt/airflow/dags/ETL_Raizen.py
[2022-07-05 15:17:55,469] {processor.py:651} INFO - DAG(s) dict_keys(['ETL_ANP_Raízen']) retrieved from /opt/airflow/dags/ETL_Raizen.py
[2022-07-05 15:17:55,634] {logging_mixin.py:115} INFO - [2022-07-05 15:17:55,633] {dag.py:2371} INFO - Sync 1 DAGs
[2022-07-05 15:17:55,856] {logging_mixin.py:115} INFO - [2022-07-05 15:17:55,852] {dag.py:2919} INFO - Setting next_dagrun for ETL_ANP_Raízen to 2022-07-05T14:30:00+00:00, run_after=2022-07-05T15:30:00+00:00
[2022-07-05 15:17:55,959] {processor.py:161} INFO - Processing /opt/airflow/dags/ETL_Raizen.py took 5.771 seconds
[2022-07-05 15:18:26,189] {processor.py:153} INFO - Started process (PID=1412) to work on /opt/airflow/dags/ETL_Raizen.py
[2022-07-05 15:18:26,191] {processor.py:641} INFO - Processing file /opt/airflow/dags/ETL_Raizen.py for tasks to queue
[2022-07-05 15:18:26,192] {logging_mixin.py:115} INFO - [2022-07-05 15:18:26,191] {dagbag.py:507} INFO - Filling up the DagBag from /opt/airflow/dags/ETL_Raizen.py
[2022-07-05 15:18:29,685] {processor.py:651} INFO - DAG(s) dict_keys(['ETL_ANP_Raízen']) retrieved from /opt/airflow/dags/ETL_Raizen.py
[2022-07-05 15:18:29,801] {logging_mixin.py:115} INFO - [2022-07-05 15:18:29,799] {dag.py:2371} INFO - Sync 1 DAGs
[2022-07-05 15:18:29,980] {logging_mixin.py:115} INFO - [2022-07-05 15:18:29,980] {dag.py:2919} INFO - Setting next_dagrun for ETL_ANP_Raízen to 2022-07-05T14:30:00+00:00, run_after=2022-07-05T15:30:00+00:00
[2022-07-05 15:18:30,059] {processor.py:161} INFO - Processing /opt/airflow/dags/ETL_Raizen.py took 3.905 seconds
[2022-07-05 15:19:00,245] {processor.py:153} INFO - Started process (PID=1432) to work on /opt/airflow/dags/ETL_Raizen.py
[2022-07-05 15:19:00,247] {processor.py:641} INFO - Processing file /opt/airflow/dags/ETL_Raizen.py for tasks to queue
[2022-07-05 15:19:00,248] {logging_mixin.py:115} INFO - [2022-07-05 15:19:00,248] {dagbag.py:507} INFO - Filling up the DagBag from /opt/airflow/dags/ETL_Raizen.py
[2022-07-05 15:19:03,149] {processor.py:651} INFO - DAG(s) dict_keys(['ETL_ANP_Raízen']) retrieved from /opt/airflow/dags/ETL_Raizen.py
[2022-07-05 15:19:03,255] {logging_mixin.py:115} INFO - [2022-07-05 15:19:03,253] {dag.py:2371} INFO - Sync 1 DAGs
[2022-07-05 15:19:03,367] {logging_mixin.py:115} INFO - [2022-07-05 15:19:03,367] {dag.py:2919} INFO - Setting next_dagrun for ETL_ANP_Raízen to 2022-07-05T14:30:00+00:00, run_after=2022-07-05T15:30:00+00:00
[2022-07-05 15:19:03,433] {processor.py:161} INFO - Processing /opt/airflow/dags/ETL_Raizen.py took 3.198 seconds
[2022-07-05 15:19:33,558] {processor.py:153} INFO - Started process (PID=1452) to work on /opt/airflow/dags/ETL_Raizen.py
[2022-07-05 15:19:33,561] {processor.py:641} INFO - Processing file /opt/airflow/dags/ETL_Raizen.py for tasks to queue
[2022-07-05 15:19:33,562] {logging_mixin.py:115} INFO - [2022-07-05 15:19:33,562] {dagbag.py:507} INFO - Filling up the DagBag from /opt/airflow/dags/ETL_Raizen.py
[2022-07-05 15:19:34,926] {processor.py:651} INFO - DAG(s) dict_keys(['ETL_ANP_Raízen']) retrieved from /opt/airflow/dags/ETL_Raizen.py
[2022-07-05 15:19:34,983] {logging_mixin.py:115} INFO - [2022-07-05 15:19:34,981] {dag.py:2371} INFO - Sync 1 DAGs
[2022-07-05 15:19:35,061] {logging_mixin.py:115} INFO - [2022-07-05 15:19:35,061] {dag.py:2919} INFO - Setting next_dagrun for ETL_ANP_Raízen to 2022-07-05T14:30:00+00:00, run_after=2022-07-05T15:30:00+00:00
[2022-07-05 15:19:35,093] {processor.py:161} INFO - Processing /opt/airflow/dags/ETL_Raizen.py took 1.542 seconds
[2022-07-05 15:20:05,395] {processor.py:153} INFO - Started process (PID=1476) to work on /opt/airflow/dags/ETL_Raizen.py
[2022-07-05 15:20:05,397] {processor.py:641} INFO - Processing file /opt/airflow/dags/ETL_Raizen.py for tasks to queue
[2022-07-05 15:20:05,398] {logging_mixin.py:115} INFO - [2022-07-05 15:20:05,398] {dagbag.py:507} INFO - Filling up the DagBag from /opt/airflow/dags/ETL_Raizen.py
[2022-07-05 15:20:06,673] {processor.py:651} INFO - DAG(s) dict_keys(['ETL_ANP_Raízen']) retrieved from /opt/airflow/dags/ETL_Raizen.py
[2022-07-05 15:20:06,742] {logging_mixin.py:115} INFO - [2022-07-05 15:20:06,741] {dag.py:2371} INFO - Sync 1 DAGs
[2022-07-05 15:20:06,814] {logging_mixin.py:115} INFO - [2022-07-05 15:20:06,814] {dag.py:2919} INFO - Setting next_dagrun for ETL_ANP_Raízen to 2022-07-05T14:30:00+00:00, run_after=2022-07-05T15:30:00+00:00
[2022-07-05 15:20:06,840] {processor.py:161} INFO - Processing /opt/airflow/dags/ETL_Raizen.py took 1.452 seconds
